<?xml version="1.0" encoding="UTF-8"?>
<robot generator="Robot 4.1.1 (Python 3.9.7 on win32)" generated="20211110 22:25:10.954" rpa="false" schemaversion="2">
<suite id="s1" name="Tests" source="C:\GravidadeZERO\getgeeks\project\tests">
<suite id="s1-s1" name="Authentication" source="C:\GravidadeZERO\getgeeks\project\tests\Authentication.robot">
<test id="s1-s1-t1" name="User Login">
<kw name="Start Session" library="Base" type="SETUP">
<kw name="New Browser" library="Browser">
<arg>chromium</arg>
<arg>headless=True</arg>
<arg>slowMo=00:00:00</arg>
<tag>BrowserControl</tag>
<tag>Setter</tag>
<doc>Create a new playwright Browser with specified options.</doc>
<msg timestamp="20211110 22:25:13.731" level="INFO">{"browser": "chromium", "headless": true, "handleSIGINT": true, "handleSIGTERM": true, "handleSIGHUP": true, "timeout": 30000.0, "devtools": false, "slowMo": 0.0, "tracesDir": "C:\\GravidadeZERO\\getgeeks\\project\\logs\\browser\\traces\\08f4dde4-3149-41d7-8123-cc14bf04e353"}</msg>
<msg timestamp="20211110 22:25:19.515" level="INFO">Successfully created browser with options: {"browser":"chromium","headless":true,"handleSIGINT":true,"handleSIGTERM":true,"handleSIGHUP":true,"timeout":30000,"devtools":false,"slowMo":0,"tracesDir":"C:\\GravidadeZERO\\getgeeks\\project\\logs\\browser\\traces\\08f4dde4-3149-41d7-8123-cc14bf04e353"}</msg>
<status status="PASS" starttime="20211110 22:25:13.731" endtime="20211110 22:25:19.515"/>
</kw>
<kw name="New Page" library="Browser">
<arg>${BASE_URL}</arg>
<tag>BrowserControl</tag>
<tag>Setter</tag>
<doc>Open a new Page. A Page is the Playwright equivalent to a tab.
See `Browser, Context and Page` for more information about Page concept.
Returns a stable identifier for the created page.</doc>
<msg timestamp="20211110 22:25:29.962" level="INFO">Successfully initialized new page object and opened url: https://getgeeks-bbetty.herokuapp.com</msg>
<msg timestamp="20211110 22:25:29.962" level="INFO">No context was open. New context was automatically opened when this page is created.</msg>
<status status="PASS" starttime="20211110 22:25:19.515" endtime="20211110 22:25:29.962"/>
</kw>
<kw name="Get Title" library="Browser">
<arg>==</arg>
<arg>Getgeeks - Encontre um Geek</arg>
<tag>Assertion</tag>
<tag>Getter</tag>
<tag>PageContent</tag>
<doc>Returns the title of the current page.</doc>
<status status="PASS" starttime="20211110 22:25:29.962" endtime="20211110 22:25:29.970"/>
</kw>
<status status="PASS" starttime="20211110 22:25:13.731" endtime="20211110 22:25:29.970"/>
</kw>
<kw name="Factory User" library="Users">
<var>${user}</var>
<arg>login</arg>
<msg timestamp="20211110 22:25:29.970" level="INFO">${user} = {'name': 'test', 'lastname': 'loggin', 'email': 'testloggin@getgeeks.com', 'password': 'test123'}</msg>
<status status="PASS" starttime="20211110 22:25:29.970" endtime="20211110 22:25:29.970"/>
</kw>
<kw name="Go To Login Form" library="AutheticationActions">
<kw name="Set Variable" library="BuiltIn">
<var>${expected_text}</var>
<arg>Fazer login</arg>
<doc>Returns the given values which can then be assigned to a variables.</doc>
<msg timestamp="20211110 22:25:29.978" level="INFO">${expected_text} = Fazer login</msg>
<status status="PASS" starttime="20211110 22:25:29.970" endtime="20211110 22:25:29.978"/>
</kw>
<kw name="Set Variable" library="BuiltIn">
<var>${receive_text}</var>
<arg>xpath=//form[@class="login-form"]/h1</arg>
<doc>Returns the given values which can then be assigned to a variables.</doc>
<msg timestamp="20211110 22:25:29.978" level="INFO">${receive_text} = xpath=//form[@class="login-form"]/h1</msg>
<status status="PASS" starttime="20211110 22:25:29.978" endtime="20211110 22:25:29.978"/>
</kw>
<kw name="Go To" library="Browser">
<arg>${BASE_URL}</arg>
<tag>BrowserControl</tag>
<tag>Setter</tag>
<doc>Navigates to the given ``url``.</doc>
<msg timestamp="20211110 22:25:30.634" level="INFO">Successfully opened URL https://getgeeks-bbetty.herokuapp.com</msg>
<status status="PASS" starttime="20211110 22:25:29.978" endtime="20211110 22:25:30.634"/>
</kw>
<kw name="Wait For Elements State" library="Browser">
<arg>${receive_text}</arg>
<arg>visible</arg>
<arg>5</arg>
<tag>PageContent</tag>
<tag>Wait</tag>
<doc>Waits for the element found by ``selector`` to satisfy state option.</doc>
<msg timestamp="20211110 22:25:30.698" level="INFO">Wait for Element with selector: xpath=//form[@class="login-form"]/h1</msg>
<status status="PASS" starttime="20211110 22:25:30.634" endtime="20211110 22:25:30.698"/>
</kw>
<kw name="Get Text" library="Browser">
<arg>${receive_text}</arg>
<arg>equal</arg>
<arg>${expected_text}</arg>
<tag>Assertion</tag>
<tag>Getter</tag>
<tag>PageContent</tag>
<doc>Returns text attribute of the element found by ``selector``.</doc>
<status status="PASS" starttime="20211110 22:25:30.698" endtime="20211110 22:25:30.732"/>
</kw>
<status status="PASS" starttime="20211110 22:25:29.970" endtime="20211110 22:25:30.732"/>
</kw>
<kw name="Fill Login Form" library="AutheticationActions">
<arg>${user}</arg>
<kw name="Fill Text" library="Browser">
<arg>${INPUT_EMAIL}</arg>
<arg>${user}[email]</arg>
<tag>PageContent</tag>
<tag>Setter</tag>
<doc>Clears and fills the given ``txt`` into the text field found by ``selector``.</doc>
<msg timestamp="20211110 22:25:30.740" level="INFO">Fills the text 'testloggin@getgeeks.com' in the given field.</msg>
<status status="PASS" starttime="20211110 22:25:30.740" endtime="20211110 22:25:30.806"/>
</kw>
<kw name="Fill Text" library="Browser">
<arg>${INPUT_PASS}</arg>
<arg>${user}[password]</arg>
<tag>PageContent</tag>
<tag>Setter</tag>
<doc>Clears and fills the given ``txt`` into the text field found by ``selector``.</doc>
<msg timestamp="20211110 22:25:30.806" level="INFO">Fills the text 'test123' in the given field.</msg>
<status status="PASS" starttime="20211110 22:25:30.806" endtime="20211110 22:25:30.838"/>
</kw>
<status status="PASS" starttime="20211110 22:25:30.740" endtime="20211110 22:25:30.838"/>
</kw>
<kw name="Submit Login Form" library="AutheticationActions">
<kw name="Click" library="Browser">
<arg>css=.submit-button &gt;&gt; text=Entrar</arg>
<tag>PageContent</tag>
<tag>Setter</tag>
<doc>Simulates mouse click on the element found by ``selector``.</doc>
<status status="PASS" starttime="20211110 22:25:30.838" endtime="20211110 22:25:30.935"/>
</kw>
<status status="PASS" starttime="20211110 22:25:30.838" endtime="20211110 22:25:30.935"/>
</kw>
<kw name="User Should Be Logged In" library="AutheticationActions">
<arg>${user}[name] ${user}[lastname]</arg>
<kw name="Set Variable" library="BuiltIn">
<var>${locator}</var>
<arg>css=a[href="/profile"]</arg>
<doc>Returns the given values which can then be assigned to a variables.</doc>
<msg timestamp="20211110 22:25:30.935" level="INFO">${locator} = css=a[href="/profile"]</msg>
<status status="PASS" starttime="20211110 22:25:30.935" endtime="20211110 22:25:30.935"/>
</kw>
<kw name="Wait For Elements State" library="Browser">
<arg>${locator}</arg>
<arg>visible</arg>
<arg>5</arg>
<tag>PageContent</tag>
<tag>Wait</tag>
<doc>Waits for the element found by ``selector`` to satisfy state option.</doc>
<msg timestamp="20211110 22:25:36.480" level="INFO" html="true">&lt;/td&gt;&lt;/tr&gt;&lt;tr&gt;&lt;td colspan="3"&gt;&lt;a href="browser/screenshot/fail-screenshot-1.png"&gt;&lt;img src="browser/screenshot/fail-screenshot-1.png" width="800px"&gt;&lt;/a&gt;</msg>
<msg timestamp="20211110 22:25:36.493" level="FAIL">TimeoutError: page.waitForSelector: Timeout 5000ms exceeded.
=========================== logs ===========================
waiting for selector "css=a[href="/profile"]" to be visible
============================================================</msg>
<status status="FAIL" starttime="20211110 22:25:30.935" endtime="20211110 22:25:36.493"/>
</kw>
<kw name="Get Text" library="Browser">
<arg>${locator}</arg>
<arg>equal</arg>
<arg>${expected_fullname}</arg>
<tag>Assertion</tag>
<tag>Getter</tag>
<tag>PageContent</tag>
<doc>Returns text attribute of the element found by ``selector``.</doc>
<status status="NOT RUN" starttime="20211110 22:25:36.493" endtime="20211110 22:25:36.493"/>
</kw>
<status status="FAIL" starttime="20211110 22:25:30.935" endtime="20211110 22:25:36.493"/>
</kw>
<kw name="Finish Session" library="Base" type="TEARDOWN">
<kw name="Take Screenshot" library="Browser">
<tag>PageContent</tag>
<doc>Takes a screenshot of the current window or element and saves it to disk.</doc>
<msg timestamp="20211110 22:25:36.687" level="INFO" html="true">&lt;/td&gt;&lt;/tr&gt;&lt;tr&gt;&lt;td colspan="3"&gt;&lt;a href="browser/screenshot/robotframework-browser-screenshot-1.png"&gt;&lt;img src="browser/screenshot/robotframework-browser-screenshot-1.png" width="800px"&gt;&lt;/a&gt;</msg>
<status status="PASS" starttime="20211110 22:25:36.493" endtime="20211110 22:25:36.687"/>
</kw>
<status status="PASS" starttime="20211110 22:25:36.493" endtime="20211110 22:25:36.687"/>
</kw>
<tag>smoke</tag>
<tag>user_login</tag>
<status status="FAIL" starttime="20211110 22:25:13.731" endtime="20211110 22:25:36.687">TimeoutError: page.waitForSelector: Timeout 5000ms exceeded.
=========================== logs ===========================
waiting for selector "css=a[href="/profile"]" to be visible
============================================================</status>
</test>
<test id="s1-s1-t2" name="Invalid User">
<kw name="Start Session" library="Base" type="SETUP">
<kw name="New Browser" library="Browser">
<arg>chromium</arg>
<arg>headless=True</arg>
<arg>slowMo=00:00:00</arg>
<tag>BrowserControl</tag>
<tag>Setter</tag>
<doc>Create a new playwright Browser with specified options.</doc>
<msg timestamp="20211110 22:25:36.733" level="INFO">{"browser": "chromium", "headless": true, "handleSIGINT": true, "handleSIGTERM": true, "handleSIGHUP": true, "timeout": 30000.0, "devtools": false, "slowMo": 0.0, "tracesDir": "C:\\GravidadeZERO\\getgeeks\\project\\logs\\browser\\traces\\5429b51f-5a88-4f75-b79a-14f105ba1b2a"}</msg>
<msg timestamp="20211110 22:25:39.457" level="INFO">Successfully created browser with options: {"browser":"chromium","headless":true,"handleSIGINT":true,"handleSIGTERM":true,"handleSIGHUP":true,"timeout":30000,"devtools":false,"slowMo":0,"tracesDir":"C:\\GravidadeZERO\\getgeeks\\project\\logs\\browser\\traces\\5429b51f-5a88-4f75-b79a-14f105ba1b2a"}</msg>
<status status="PASS" starttime="20211110 22:25:36.733" endtime="20211110 22:25:39.458"/>
</kw>
<kw name="New Page" library="Browser">
<arg>${BASE_URL}</arg>
<tag>BrowserControl</tag>
<tag>Setter</tag>
<doc>Open a new Page. A Page is the Playwright equivalent to a tab.
See `Browser, Context and Page` for more information about Page concept.
Returns a stable identifier for the created page.</doc>
<msg timestamp="20211110 22:25:42.767" level="INFO">Successfully initialized new page object and opened url: https://getgeeks-bbetty.herokuapp.com</msg>
<msg timestamp="20211110 22:25:42.767" level="INFO">No context was open. New context was automatically opened when this page is created.</msg>
<status status="PASS" starttime="20211110 22:25:39.458" endtime="20211110 22:25:42.767"/>
</kw>
<kw name="Get Title" library="Browser">
<arg>==</arg>
<arg>Getgeeks - Encontre um Geek</arg>
<tag>Assertion</tag>
<tag>Getter</tag>
<tag>PageContent</tag>
<doc>Returns the title of the current page.</doc>
<status status="PASS" starttime="20211110 22:25:42.767" endtime="20211110 22:25:42.775"/>
</kw>
<status status="PASS" starttime="20211110 22:25:36.733" endtime="20211110 22:25:42.775"/>
</kw>
<kw name="Create Dictionary" library="BuiltIn">
<var>${u}</var>
<arg>email=failemail@getgeeks.com</arg>
<arg>password=pwdnotchecked</arg>
<doc>Creates and returns a dictionary based on the given ``items``.</doc>
<msg timestamp="20211110 22:25:42.775" level="INFO">${u} = {'email': 'failemail@getgeeks.com', 'password': 'pwdnotchecked'}</msg>
<status status="PASS" starttime="20211110 22:25:42.775" endtime="20211110 22:25:42.775"/>
</kw>
<kw name="Go To Login Form" library="AutheticationActions">
<kw name="Set Variable" library="BuiltIn">
<var>${expected_text}</var>
<arg>Fazer login</arg>
<doc>Returns the given values which can then be assigned to a variables.</doc>
<msg timestamp="20211110 22:25:42.780" level="INFO">${expected_text} = Fazer login</msg>
<status status="PASS" starttime="20211110 22:25:42.780" endtime="20211110 22:25:42.780"/>
</kw>
<kw name="Set Variable" library="BuiltIn">
<var>${receive_text}</var>
<arg>xpath=//form[@class="login-form"]/h1</arg>
<doc>Returns the given values which can then be assigned to a variables.</doc>
<msg timestamp="20211110 22:25:42.781" level="INFO">${receive_text} = xpath=//form[@class="login-form"]/h1</msg>
<status status="PASS" starttime="20211110 22:25:42.781" endtime="20211110 22:25:42.781"/>
</kw>
<kw name="Go To" library="Browser">
<arg>${BASE_URL}</arg>
<tag>BrowserControl</tag>
<tag>Setter</tag>
<doc>Navigates to the given ``url``.</doc>
<msg timestamp="20211110 22:25:43.282" level="INFO">Successfully opened URL https://getgeeks-bbetty.herokuapp.com</msg>
<status status="PASS" starttime="20211110 22:25:42.781" endtime="20211110 22:25:43.282"/>
</kw>
<kw name="Wait For Elements State" library="Browser">
<arg>${receive_text}</arg>
<arg>visible</arg>
<arg>5</arg>
<tag>PageContent</tag>
<tag>Wait</tag>
<doc>Waits for the element found by ``selector`` to satisfy state option.</doc>
<msg timestamp="20211110 22:25:43.306" level="INFO">Wait for Element with selector: xpath=//form[@class="login-form"]/h1</msg>
<status status="PASS" starttime="20211110 22:25:43.282" endtime="20211110 22:25:43.311"/>
</kw>
<kw name="Get Text" library="Browser">
<arg>${receive_text}</arg>
<arg>equal</arg>
<arg>${expected_text}</arg>
<tag>Assertion</tag>
<tag>Getter</tag>
<tag>PageContent</tag>
<doc>Returns text attribute of the element found by ``selector``.</doc>
<status status="PASS" starttime="20211110 22:25:43.311" endtime="20211110 22:25:43.339"/>
</kw>
<status status="PASS" starttime="20211110 22:25:42.775" endtime="20211110 22:25:43.339"/>
</kw>
<kw name="Fill Login Form" library="AutheticationActions">
<arg>${u}</arg>
<kw name="Fill Text" library="Browser">
<arg>${INPUT_EMAIL}</arg>
<arg>${user}[email]</arg>
<tag>PageContent</tag>
<tag>Setter</tag>
<doc>Clears and fills the given ``txt`` into the text field found by ``selector``.</doc>
<msg timestamp="20211110 22:25:43.343" level="INFO">Fills the text 'failemail@getgeeks.com' in the given field.</msg>
<status status="PASS" starttime="20211110 22:25:43.343" endtime="20211110 22:25:43.385"/>
</kw>
<kw name="Fill Text" library="Browser">
<arg>${INPUT_PASS}</arg>
<arg>${user}[password]</arg>
<tag>PageContent</tag>
<tag>Setter</tag>
<doc>Clears and fills the given ``txt`` into the text field found by ``selector``.</doc>
<msg timestamp="20211110 22:25:43.385" level="INFO">Fills the text 'pwdnotchecked' in the given field.</msg>
<status status="PASS" starttime="20211110 22:25:43.385" endtime="20211110 22:25:43.414"/>
</kw>
<status status="PASS" starttime="20211110 22:25:43.343" endtime="20211110 22:25:43.414"/>
</kw>
<kw name="Submit Login Form" library="AutheticationActions">
<kw name="Click" library="Browser">
<arg>css=.submit-button &gt;&gt; text=Entrar</arg>
<tag>PageContent</tag>
<tag>Setter</tag>
<doc>Simulates mouse click on the element found by ``selector``.</doc>
<status status="PASS" starttime="20211110 22:25:43.414" endtime="20211110 22:25:43.497"/>
</kw>
<status status="PASS" starttime="20211110 22:25:43.414" endtime="20211110 22:25:43.497"/>
</kw>
<kw name="Modal Content Should Be" library="_SharedActions">
<arg>Usuário e/ou senha inválidos.</arg>
<kw name="Set Variable" library="BuiltIn">
<var>${title}</var>
<arg>css=.swal2-title</arg>
<doc>Returns the given values which can then be assigned to a variables.</doc>
<msg timestamp="20211110 22:25:43.497" level="INFO">${title} = css=.swal2-title</msg>
<status status="PASS" starttime="20211110 22:25:43.497" endtime="20211110 22:25:43.497"/>
</kw>
<kw name="Set Variable" library="BuiltIn">
<var>${content}</var>
<arg>css=.swal2-html-container</arg>
<doc>Returns the given values which can then be assigned to a variables.</doc>
<msg timestamp="20211110 22:25:43.497" level="INFO">${content} = css=.swal2-html-container</msg>
<status status="PASS" starttime="20211110 22:25:43.497" endtime="20211110 22:25:43.497"/>
</kw>
<kw name="Wait For Elements State" library="Browser">
<arg>${title}</arg>
<arg>visible</arg>
<arg>5</arg>
<tag>PageContent</tag>
<tag>Wait</tag>
<doc>Waits for the element found by ``selector`` to satisfy state option.</doc>
<msg timestamp="20211110 22:25:48.877" level="INFO" html="true">&lt;/td&gt;&lt;/tr&gt;&lt;tr&gt;&lt;td colspan="3"&gt;&lt;a href="browser/screenshot/fail-screenshot-2.png"&gt;&lt;img src="browser/screenshot/fail-screenshot-2.png" width="800px"&gt;&lt;/a&gt;</msg>
<msg timestamp="20211110 22:25:48.877" level="FAIL">TimeoutError: page.waitForSelector: Timeout 5000ms exceeded.
=========================== logs ===========================
waiting for selector "css=.swal2-title" to be visible
============================================================</msg>
<status status="FAIL" starttime="20211110 22:25:43.497" endtime="20211110 22:25:48.877"/>
</kw>
<kw name="Get Text" library="Browser">
<arg>${title}</arg>
<arg>equal</arg>
<arg>Oops...</arg>
<tag>Assertion</tag>
<tag>Getter</tag>
<tag>PageContent</tag>
<doc>Returns text attribute of the element found by ``selector``.</doc>
<status status="NOT RUN" starttime="20211110 22:25:48.877" endtime="20211110 22:25:48.877"/>
</kw>
<kw name="Wait For Elements State" library="Browser">
<arg>${content}</arg>
<arg>visible</arg>
<arg>5</arg>
<tag>PageContent</tag>
<tag>Wait</tag>
<doc>Waits for the element found by ``selector`` to satisfy state option.</doc>
<status status="NOT RUN" starttime="20211110 22:25:48.877" endtime="20211110 22:25:48.877"/>
</kw>
<kw name="Get Text" library="Browser">
<arg>${content}</arg>
<arg>equal</arg>
<arg>${expected_text}</arg>
<tag>Assertion</tag>
<tag>Getter</tag>
<tag>PageContent</tag>
<doc>Returns text attribute of the element found by ``selector``.</doc>
<status status="NOT RUN" starttime="20211110 22:25:48.877" endtime="20211110 22:25:48.877"/>
</kw>
<status status="FAIL" starttime="20211110 22:25:43.497" endtime="20211110 22:25:48.877"/>
</kw>
<kw name="Finish Session" library="Base" type="TEARDOWN">
<kw name="Take Screenshot" library="Browser">
<tag>PageContent</tag>
<doc>Takes a screenshot of the current window or element and saves it to disk.</doc>
<msg timestamp="20211110 22:25:49.236" level="INFO" html="true">&lt;/td&gt;&lt;/tr&gt;&lt;tr&gt;&lt;td colspan="3"&gt;&lt;a href="browser/screenshot/robotframework-browser-screenshot-2.png"&gt;&lt;img src="browser/screenshot/robotframework-browser-screenshot-2.png" width="800px"&gt;&lt;/a&gt;</msg>
<status status="PASS" starttime="20211110 22:25:48.877" endtime="20211110 22:25:49.236"/>
</kw>
<status status="PASS" starttime="20211110 22:25:48.877" endtime="20211110 22:25:49.236"/>
</kw>
<tag>inval_login</tag>
<tag>invaluser</tag>
<status status="FAIL" starttime="20211110 22:25:36.733" endtime="20211110 22:25:49.239">TimeoutError: page.waitForSelector: Timeout 5000ms exceeded.
=========================== logs ===========================
waiting for selector "css=.swal2-title" to be visible
============================================================</status>
</test>
<test id="s1-s1-t3" name="Wrong Format Email User">
<kw name="Start Session" library="Base" type="SETUP">
<kw name="New Browser" library="Browser">
<arg>chromium</arg>
<arg>headless=True</arg>
<arg>slowMo=00:00:00</arg>
<tag>BrowserControl</tag>
<tag>Setter</tag>
<doc>Create a new playwright Browser with specified options.</doc>
<msg timestamp="20211110 22:25:49.286" level="INFO">{"browser": "chromium", "headless": true, "handleSIGINT": true, "handleSIGTERM": true, "handleSIGHUP": true, "timeout": 30000.0, "devtools": false, "slowMo": 0.0, "tracesDir": "C:\\GravidadeZERO\\getgeeks\\project\\logs\\browser\\traces\\364d271a-0098-4d88-b94c-8bee4d36fe34"}</msg>
<msg timestamp="20211110 22:25:54.588" level="INFO">Successfully created browser with options: {"browser":"chromium","headless":true,"handleSIGINT":true,"handleSIGTERM":true,"handleSIGHUP":true,"timeout":30000,"devtools":false,"slowMo":0,"tracesDir":"C:\\GravidadeZERO\\getgeeks\\project\\logs\\browser\\traces\\364d271a-0098-4d88-b94c-8bee4d36fe34"}</msg>
<status status="PASS" starttime="20211110 22:25:49.286" endtime="20211110 22:25:54.589"/>
</kw>
<kw name="New Page" library="Browser">
<arg>${BASE_URL}</arg>
<tag>BrowserControl</tag>
<tag>Setter</tag>
<doc>Open a new Page. A Page is the Playwright equivalent to a tab.
See `Browser, Context and Page` for more information about Page concept.
Returns a stable identifier for the created page.</doc>
<msg timestamp="20211110 22:25:58.760" level="INFO">Successfully initialized new page object and opened url: https://getgeeks-bbetty.herokuapp.com</msg>
<msg timestamp="20211110 22:25:58.760" level="INFO">No context was open. New context was automatically opened when this page is created.</msg>
<status status="PASS" starttime="20211110 22:25:54.589" endtime="20211110 22:25:58.760"/>
</kw>
<kw name="Get Title" library="Browser">
<arg>==</arg>
<arg>Getgeeks - Encontre um Geek</arg>
<tag>Assertion</tag>
<tag>Getter</tag>
<tag>PageContent</tag>
<doc>Returns the title of the current page.</doc>
<status status="PASS" starttime="20211110 22:25:58.760" endtime="20211110 22:25:58.768"/>
</kw>
<status status="PASS" starttime="20211110 22:25:49.286" endtime="20211110 22:25:58.768"/>
</kw>
<kw name="Factory User" library="Users">
<var>${u}</var>
<arg>wrong_email</arg>
<msg timestamp="20211110 22:25:58.768" level="INFO">${u} = {'name': 'David', 'lastname': 'Shaw', 'email': 'Jennifer#gmail.com', 'password': 'MpBffvrz+8'}</msg>
<status status="PASS" starttime="20211110 22:25:58.768" endtime="20211110 22:25:58.768"/>
</kw>
<kw name="Go To Login Form" library="AutheticationActions">
<kw name="Set Variable" library="BuiltIn">
<var>${expected_text}</var>
<arg>Fazer login</arg>
<doc>Returns the given values which can then be assigned to a variables.</doc>
<msg timestamp="20211110 22:25:58.768" level="INFO">${expected_text} = Fazer login</msg>
<status status="PASS" starttime="20211110 22:25:58.768" endtime="20211110 22:25:58.768"/>
</kw>
<kw name="Set Variable" library="BuiltIn">
<var>${receive_text}</var>
<arg>xpath=//form[@class="login-form"]/h1</arg>
<doc>Returns the given values which can then be assigned to a variables.</doc>
<msg timestamp="20211110 22:25:58.768" level="INFO">${receive_text} = xpath=//form[@class="login-form"]/h1</msg>
<status status="PASS" starttime="20211110 22:25:58.768" endtime="20211110 22:25:58.768"/>
</kw>
<kw name="Go To" library="Browser">
<arg>${BASE_URL}</arg>
<tag>BrowserControl</tag>
<tag>Setter</tag>
<doc>Navigates to the given ``url``.</doc>
<msg timestamp="20211110 22:25:59.351" level="INFO">Successfully opened URL https://getgeeks-bbetty.herokuapp.com</msg>
<status status="PASS" starttime="20211110 22:25:58.768" endtime="20211110 22:25:59.351"/>
</kw>
<kw name="Wait For Elements State" library="Browser">
<arg>${receive_text}</arg>
<arg>visible</arg>
<arg>5</arg>
<tag>PageContent</tag>
<tag>Wait</tag>
<doc>Waits for the element found by ``selector`` to satisfy state option.</doc>
<msg timestamp="20211110 22:25:59.392" level="INFO">Wait for Element with selector: xpath=//form[@class="login-form"]/h1</msg>
<status status="PASS" starttime="20211110 22:25:59.351" endtime="20211110 22:25:59.392"/>
</kw>
<kw name="Get Text" library="Browser">
<arg>${receive_text}</arg>
<arg>equal</arg>
<arg>${expected_text}</arg>
<tag>Assertion</tag>
<tag>Getter</tag>
<tag>PageContent</tag>
<doc>Returns text attribute of the element found by ``selector``.</doc>
<status status="PASS" starttime="20211110 22:25:59.392" endtime="20211110 22:25:59.418"/>
</kw>
<status status="PASS" starttime="20211110 22:25:58.768" endtime="20211110 22:25:59.420"/>
</kw>
<kw name="Fill Login Form" library="AutheticationActions">
<arg>${u}</arg>
<kw name="Fill Text" library="Browser">
<arg>${INPUT_EMAIL}</arg>
<arg>${user}[email]</arg>
<tag>PageContent</tag>
<tag>Setter</tag>
<doc>Clears and fills the given ``txt`` into the text field found by ``selector``.</doc>
<msg timestamp="20211110 22:25:59.423" level="INFO">Fills the text 'Jennifer#gmail.com' in the given field.</msg>
<status status="PASS" starttime="20211110 22:25:59.423" endtime="20211110 22:25:59.459"/>
</kw>
<kw name="Fill Text" library="Browser">
<arg>${INPUT_PASS}</arg>
<arg>${user}[password]</arg>
<tag>PageContent</tag>
<tag>Setter</tag>
<doc>Clears and fills the given ``txt`` into the text field found by ``selector``.</doc>
<msg timestamp="20211110 22:25:59.459" level="INFO">Fills the text 'MpBffvrz+8' in the given field.</msg>
<status status="PASS" starttime="20211110 22:25:59.459" endtime="20211110 22:25:59.491"/>
</kw>
<status status="PASS" starttime="20211110 22:25:59.422" endtime="20211110 22:25:59.491"/>
</kw>
<kw name="Submit Login Form" library="AutheticationActions">
<kw name="Click" library="Browser">
<arg>css=.submit-button &gt;&gt; text=Entrar</arg>
<tag>PageContent</tag>
<tag>Setter</tag>
<doc>Simulates mouse click on the element found by ``selector``.</doc>
<status status="PASS" starttime="20211110 22:25:59.491" endtime="20211110 22:25:59.598"/>
</kw>
<status status="PASS" starttime="20211110 22:25:59.491" endtime="20211110 22:25:59.598"/>
</kw>
<kw name="Should Be Field Type Email" library="AutheticationActions">
<kw name="Get Property" library="Browser">
<arg>${INPUT_EMAIL}</arg>
<arg>type</arg>
<arg>equal</arg>
<arg>email</arg>
<tag>Assertion</tag>
<tag>Getter</tag>
<tag>PageContent</tag>
<doc>Returns the ``property`` of the element found by ``selector``.</doc>
<status status="PASS" starttime="20211110 22:25:59.598" endtime="20211110 22:25:59.652"/>
</kw>
<status status="PASS" starttime="20211110 22:25:59.598" endtime="20211110 22:25:59.652"/>
</kw>
<kw name="Finish Session" library="Base" type="TEARDOWN">
<kw name="Take Screenshot" library="Browser">
<tag>PageContent</tag>
<doc>Takes a screenshot of the current window or element and saves it to disk.</doc>
<msg timestamp="20211110 22:25:59.935" level="INFO" html="true">&lt;/td&gt;&lt;/tr&gt;&lt;tr&gt;&lt;td colspan="3"&gt;&lt;a href="browser/screenshot/robotframework-browser-screenshot-3.png"&gt;&lt;img src="browser/screenshot/robotframework-browser-screenshot-3.png" width="800px"&gt;&lt;/a&gt;</msg>
<status status="PASS" starttime="20211110 22:25:59.652" endtime="20211110 22:25:59.935"/>
</kw>
<status status="PASS" starttime="20211110 22:25:59.652" endtime="20211110 22:25:59.935"/>
</kw>
<tag>inval_login</tag>
<tag>wrongemail</tag>
<status status="PASS" starttime="20211110 22:25:49.284" endtime="20211110 22:25:59.935"/>
</test>
<test id="s1-s1-t4" name="Ignore All Fields Login">
<kw name="Start Session" library="Base" type="SETUP">
<kw name="New Browser" library="Browser">
<arg>chromium</arg>
<arg>headless=True</arg>
<arg>slowMo=00:00:00</arg>
<tag>BrowserControl</tag>
<tag>Setter</tag>
<doc>Create a new playwright Browser with specified options.</doc>
<msg timestamp="20211110 22:25:59.977" level="INFO">{"browser": "chromium", "headless": true, "handleSIGINT": true, "handleSIGTERM": true, "handleSIGHUP": true, "timeout": 30000.0, "devtools": false, "slowMo": 0.0, "tracesDir": "C:\\GravidadeZERO\\getgeeks\\project\\logs\\browser\\traces\\cc8e243b-5f08-49a4-9979-2eef52491cae"}</msg>
<msg timestamp="20211110 22:26:02.562" level="INFO">Successfully created browser with options: {"browser":"chromium","headless":true,"handleSIGINT":true,"handleSIGTERM":true,"handleSIGHUP":true,"timeout":30000,"devtools":false,"slowMo":0,"tracesDir":"C:\\GravidadeZERO\\getgeeks\\project\\logs\\browser\\traces\\cc8e243b-5f08-49a4-9979-2eef52491cae"}</msg>
<status status="PASS" starttime="20211110 22:25:59.977" endtime="20211110 22:26:02.562"/>
</kw>
<kw name="New Page" library="Browser">
<arg>${BASE_URL}</arg>
<tag>BrowserControl</tag>
<tag>Setter</tag>
<doc>Open a new Page. A Page is the Playwright equivalent to a tab.
See `Browser, Context and Page` for more information about Page concept.
Returns a stable identifier for the created page.</doc>
<msg timestamp="20211110 22:26:06.703" level="INFO">Successfully initialized new page object and opened url: https://getgeeks-bbetty.herokuapp.com</msg>
<msg timestamp="20211110 22:26:06.703" level="INFO">No context was open. New context was automatically opened when this page is created.</msg>
<status status="PASS" starttime="20211110 22:26:02.563" endtime="20211110 22:26:06.703"/>
</kw>
<kw name="Get Title" library="Browser">
<arg>==</arg>
<arg>Getgeeks - Encontre um Geek</arg>
<tag>Assertion</tag>
<tag>Getter</tag>
<tag>PageContent</tag>
<doc>Returns the title of the current page.</doc>
<status status="PASS" starttime="20211110 22:26:06.703" endtime="20211110 22:26:06.712"/>
</kw>
<status status="PASS" starttime="20211110 22:25:59.977" endtime="20211110 22:26:06.712"/>
</kw>
<kw name="Create List" library="BuiltIn">
<var>@{expected_alerts}</var>
<arg>E-mail obrigatório</arg>
<arg>Senha obrigatória</arg>
<doc>Returns a list containing given items.</doc>
<msg timestamp="20211110 22:26:06.712" level="INFO">@{expected_alerts} = [ E-mail obrigatório | Senha obrigatória ]</msg>
<status status="PASS" starttime="20211110 22:26:06.712" endtime="20211110 22:26:06.712"/>
</kw>
<kw name="Go To Login Form" library="AutheticationActions">
<kw name="Set Variable" library="BuiltIn">
<var>${expected_text}</var>
<arg>Fazer login</arg>
<doc>Returns the given values which can then be assigned to a variables.</doc>
<msg timestamp="20211110 22:26:06.715" level="INFO">${expected_text} = Fazer login</msg>
<status status="PASS" starttime="20211110 22:26:06.715" endtime="20211110 22:26:06.715"/>
</kw>
<kw name="Set Variable" library="BuiltIn">
<var>${receive_text}</var>
<arg>xpath=//form[@class="login-form"]/h1</arg>
<doc>Returns the given values which can then be assigned to a variables.</doc>
<msg timestamp="20211110 22:26:06.715" level="INFO">${receive_text} = xpath=//form[@class="login-form"]/h1</msg>
<status status="PASS" starttime="20211110 22:26:06.715" endtime="20211110 22:26:06.715"/>
</kw>
<kw name="Go To" library="Browser">
<arg>${BASE_URL}</arg>
<tag>BrowserControl</tag>
<tag>Setter</tag>
<doc>Navigates to the given ``url``.</doc>
<msg timestamp="20211110 22:26:07.270" level="INFO">Successfully opened URL https://getgeeks-bbetty.herokuapp.com</msg>
<status status="PASS" starttime="20211110 22:26:06.715" endtime="20211110 22:26:07.270"/>
</kw>
<kw name="Wait For Elements State" library="Browser">
<arg>${receive_text}</arg>
<arg>visible</arg>
<arg>5</arg>
<tag>PageContent</tag>
<tag>Wait</tag>
<doc>Waits for the element found by ``selector`` to satisfy state option.</doc>
<msg timestamp="20211110 22:26:07.310" level="INFO">Wait for Element with selector: xpath=//form[@class="login-form"]/h1</msg>
<status status="PASS" starttime="20211110 22:26:07.270" endtime="20211110 22:26:07.310"/>
</kw>
<kw name="Get Text" library="Browser">
<arg>${receive_text}</arg>
<arg>equal</arg>
<arg>${expected_text}</arg>
<tag>Assertion</tag>
<tag>Getter</tag>
<tag>PageContent</tag>
<doc>Returns text attribute of the element found by ``selector``.</doc>
<status status="PASS" starttime="20211110 22:26:07.310" endtime="20211110 22:26:07.343"/>
</kw>
<status status="PASS" starttime="20211110 22:26:06.712" endtime="20211110 22:26:07.343"/>
</kw>
<kw name="Submit Login Form" library="AutheticationActions">
<kw name="Click" library="Browser">
<arg>css=.submit-button &gt;&gt; text=Entrar</arg>
<tag>PageContent</tag>
<tag>Setter</tag>
<doc>Simulates mouse click on the element found by ``selector``.</doc>
<status status="PASS" starttime="20211110 22:26:07.343" endtime="20211110 22:26:07.415"/>
</kw>
<status status="PASS" starttime="20211110 22:26:07.343" endtime="20211110 22:26:07.415"/>
</kw>
<kw name="Alert Spans MSG Should Be" library="_SharedActions">
<arg>${expected_alerts}</arg>
<kw name="Create List" library="BuiltIn">
<var>@{got_alerts}</var>
<doc>Returns a list containing given items.</doc>
<msg timestamp="20211110 22:26:07.420" level="INFO">@{got_alerts} = [ ]</msg>
<status status="PASS" starttime="20211110 22:26:07.419" endtime="20211110 22:26:07.420"/>
</kw>
<kw name="Get Elements" library="Browser">
<var>${spans}</var>
<arg>xpath=//span[@class="error"]</arg>
<tag>Getter</tag>
<tag>PageContent</tag>
<doc>Returns a reference to playwright element handle for all matched elements by ``selector``.</doc>
<msg timestamp="20211110 22:26:07.454" level="INFO">${spans} = ['element=ba3f31e7-e5c7-4d11-8272-f1890a313698', 'element=303bfa60-fd37-4d57-a166-7b77dc6c4f32']</msg>
<status status="PASS" starttime="20211110 22:26:07.420" endtime="20211110 22:26:07.454"/>
</kw>
<for flavor="IN">
<var>${span}</var>
<value>@{spans}</value>
<iter>
<var name="${span}">element=ba3f31e7-e5c7-4d11-8272-f1890a313698</var>
<kw name="Get Text" library="Browser">
<var>${text}</var>
<arg>${span}</arg>
<tag>Assertion</tag>
<tag>Getter</tag>
<tag>PageContent</tag>
<doc>Returns text attribute of the element found by ``selector``.</doc>
<msg timestamp="20211110 22:26:07.464" level="INFO">${text} = E-mail obrigatório</msg>
<status status="PASS" starttime="20211110 22:26:07.456" endtime="20211110 22:26:07.464"/>
</kw>
<kw name="Append To List" library="Collections">
<arg>${got_alerts}</arg>
<arg>${text}</arg>
<doc>Adds ``values`` to the end of ``list``.</doc>
<status status="PASS" starttime="20211110 22:26:07.464" endtime="20211110 22:26:07.472"/>
</kw>
<status status="PASS" starttime="20211110 22:26:07.455" endtime="20211110 22:26:07.472"/>
</iter>
<iter>
<var name="${span}">element=303bfa60-fd37-4d57-a166-7b77dc6c4f32</var>
<kw name="Get Text" library="Browser">
<var>${text}</var>
<arg>${span}</arg>
<tag>Assertion</tag>
<tag>Getter</tag>
<tag>PageContent</tag>
<doc>Returns text attribute of the element found by ``selector``.</doc>
<msg timestamp="20211110 22:26:07.480" level="INFO">${text} = Senha obrigatória</msg>
<status status="PASS" starttime="20211110 22:26:07.472" endtime="20211110 22:26:07.480"/>
</kw>
<kw name="Append To List" library="Collections">
<arg>${got_alerts}</arg>
<arg>${text}</arg>
<doc>Adds ``values`` to the end of ``list``.</doc>
<status status="PASS" starttime="20211110 22:26:07.480" endtime="20211110 22:26:07.480"/>
</kw>
<status status="PASS" starttime="20211110 22:26:07.472" endtime="20211110 22:26:07.480"/>
</iter>
<status status="PASS" starttime="20211110 22:26:07.455" endtime="20211110 22:26:07.480"/>
</for>
<kw name="Lists Should Be Equal" library="Collections">
<arg>${expected_alerts}</arg>
<arg>${got_alerts}</arg>
<doc>Fails if given lists are unequal.</doc>
<status status="PASS" starttime="20211110 22:26:07.480" endtime="20211110 22:26:07.480"/>
</kw>
<status status="PASS" starttime="20211110 22:26:07.417" endtime="20211110 22:26:07.480"/>
</kw>
<kw name="Finish Session" library="Base" type="TEARDOWN">
<kw name="Take Screenshot" library="Browser">
<tag>PageContent</tag>
<doc>Takes a screenshot of the current window or element and saves it to disk.</doc>
<msg timestamp="20211110 22:26:07.678" level="INFO" html="true">&lt;/td&gt;&lt;/tr&gt;&lt;tr&gt;&lt;td colspan="3"&gt;&lt;a href="browser/screenshot/robotframework-browser-screenshot-4.png"&gt;&lt;img src="browser/screenshot/robotframework-browser-screenshot-4.png" width="800px"&gt;&lt;/a&gt;</msg>
<status status="PASS" starttime="20211110 22:26:07.487" endtime="20211110 22:26:07.678"/>
</kw>
<status status="PASS" starttime="20211110 22:26:07.484" endtime="20211110 22:26:07.678"/>
</kw>
<tag>attempt_login</tag>
<tag>ignallogin</tag>
<status status="PASS" starttime="20211110 22:25:59.977" endtime="20211110 22:26:07.678"/>
</test>
<test id="s1-s1-t5" name="Ignore Field Login User">
<kw name="Start Session" library="Base" type="SETUP">
<kw name="New Browser" library="Browser">
<arg>chromium</arg>
<arg>headless=True</arg>
<arg>slowMo=00:00:00</arg>
<tag>BrowserControl</tag>
<tag>Setter</tag>
<doc>Create a new playwright Browser with specified options.</doc>
<msg timestamp="20211110 22:26:07.711" level="INFO">{"browser": "chromium", "headless": true, "handleSIGINT": true, "handleSIGTERM": true, "handleSIGHUP": true, "timeout": 30000.0, "devtools": false, "slowMo": 0.0, "tracesDir": "C:\\GravidadeZERO\\getgeeks\\project\\logs\\browser\\traces\\57d2c9de-4568-461c-8eeb-b804c1be9856"}</msg>
<msg timestamp="20211110 22:26:10.793" level="INFO">Successfully created browser with options: {"browser":"chromium","headless":true,"handleSIGINT":true,"handleSIGTERM":true,"handleSIGHUP":true,"timeout":30000,"devtools":false,"slowMo":0,"tracesDir":"C:\\GravidadeZERO\\getgeeks\\project\\logs\\browser\\traces\\57d2c9de-4568-461c-8eeb-b804c1be9856"}</msg>
<status status="PASS" starttime="20211110 22:26:07.711" endtime="20211110 22:26:10.793"/>
</kw>
<kw name="New Page" library="Browser">
<arg>${BASE_URL}</arg>
<tag>BrowserControl</tag>
<tag>Setter</tag>
<doc>Open a new Page. A Page is the Playwright equivalent to a tab.
See `Browser, Context and Page` for more information about Page concept.
Returns a stable identifier for the created page.</doc>
<msg timestamp="20211110 22:26:18.681" level="INFO">Successfully initialized new page object and opened url: https://getgeeks-bbetty.herokuapp.com</msg>
<msg timestamp="20211110 22:26:18.681" level="INFO">No context was open. New context was automatically opened when this page is created.</msg>
<status status="PASS" starttime="20211110 22:26:10.794" endtime="20211110 22:26:18.681"/>
</kw>
<kw name="Get Title" library="Browser">
<arg>==</arg>
<arg>Getgeeks - Encontre um Geek</arg>
<tag>Assertion</tag>
<tag>Getter</tag>
<tag>PageContent</tag>
<doc>Returns the title of the current page.</doc>
<status status="PASS" starttime="20211110 22:26:18.681" endtime="20211110 22:26:18.689"/>
</kw>
<status status="PASS" starttime="20211110 22:26:07.711" endtime="20211110 22:26:18.689"/>
</kw>
<kw name="Create Dictionary" library="BuiltIn">
<var>${u}</var>
<arg>email=${EMPTY}</arg>
<arg>password=test321</arg>
<doc>Creates and returns a dictionary based on the given ``items``.</doc>
<msg timestamp="20211110 22:26:18.689" level="INFO">${u} = {'email': '', 'password': 'test321'}</msg>
<status status="PASS" starttime="20211110 22:26:18.689" endtime="20211110 22:26:18.689"/>
</kw>
<kw name="Create List" library="BuiltIn">
<var>@{expected_alerts}</var>
<arg>E-mail obrigatório</arg>
<arg>Senha obrigatória</arg>
<doc>Returns a list containing given items.</doc>
<msg timestamp="20211110 22:26:18.689" level="INFO">@{expected_alerts} = [ E-mail obrigatório | Senha obrigatória ]</msg>
<status status="PASS" starttime="20211110 22:26:18.689" endtime="20211110 22:26:18.689"/>
</kw>
<kw name="Go To Login Form" library="AutheticationActions">
<kw name="Set Variable" library="BuiltIn">
<var>${expected_text}</var>
<arg>Fazer login</arg>
<doc>Returns the given values which can then be assigned to a variables.</doc>
<msg timestamp="20211110 22:26:18.689" level="INFO">${expected_text} = Fazer login</msg>
<status status="PASS" starttime="20211110 22:26:18.689" endtime="20211110 22:26:18.689"/>
</kw>
<kw name="Set Variable" library="BuiltIn">
<var>${receive_text}</var>
<arg>xpath=//form[@class="login-form"]/h1</arg>
<doc>Returns the given values which can then be assigned to a variables.</doc>
<msg timestamp="20211110 22:26:18.689" level="INFO">${receive_text} = xpath=//form[@class="login-form"]/h1</msg>
<status status="PASS" starttime="20211110 22:26:18.689" endtime="20211110 22:26:18.689"/>
</kw>
<kw name="Go To" library="Browser">
<arg>${BASE_URL}</arg>
<tag>BrowserControl</tag>
<tag>Setter</tag>
<doc>Navigates to the given ``url``.</doc>
<msg timestamp="20211110 22:26:19.242" level="INFO">Successfully opened URL https://getgeeks-bbetty.herokuapp.com</msg>
<status status="PASS" starttime="20211110 22:26:18.689" endtime="20211110 22:26:19.242"/>
</kw>
<kw name="Wait For Elements State" library="Browser">
<arg>${receive_text}</arg>
<arg>visible</arg>
<arg>5</arg>
<tag>PageContent</tag>
<tag>Wait</tag>
<doc>Waits for the element found by ``selector`` to satisfy state option.</doc>
<msg timestamp="20211110 22:26:19.275" level="INFO">Wait for Element with selector: xpath=//form[@class="login-form"]/h1</msg>
<status status="PASS" starttime="20211110 22:26:19.242" endtime="20211110 22:26:19.275"/>
</kw>
<kw name="Get Text" library="Browser">
<arg>${receive_text}</arg>
<arg>equal</arg>
<arg>${expected_text}</arg>
<tag>Assertion</tag>
<tag>Getter</tag>
<tag>PageContent</tag>
<doc>Returns text attribute of the element found by ``selector``.</doc>
<status status="PASS" starttime="20211110 22:26:19.275" endtime="20211110 22:26:19.307"/>
</kw>
<status status="PASS" starttime="20211110 22:26:18.689" endtime="20211110 22:26:19.307"/>
</kw>
<kw name="Fill Login Form" library="AutheticationActions">
<arg>${u}</arg>
<kw name="Fill Text" library="Browser">
<arg>${INPUT_EMAIL}</arg>
<arg>${user}[email]</arg>
<tag>PageContent</tag>
<tag>Setter</tag>
<doc>Clears and fills the given ``txt`` into the text field found by ``selector``.</doc>
<msg timestamp="20211110 22:26:19.307" level="INFO">Fills the text '' in the given field.</msg>
<status status="PASS" starttime="20211110 22:26:19.307" endtime="20211110 22:26:19.352"/>
</kw>
<kw name="Fill Text" library="Browser">
<arg>${INPUT_PASS}</arg>
<arg>${user}[password]</arg>
<tag>PageContent</tag>
<tag>Setter</tag>
<doc>Clears and fills the given ``txt`` into the text field found by ``selector``.</doc>
<msg timestamp="20211110 22:26:19.353" level="INFO">Fills the text 'test321' in the given field.</msg>
<status status="PASS" starttime="20211110 22:26:19.352" endtime="20211110 22:26:19.381"/>
</kw>
<status status="PASS" starttime="20211110 22:26:19.307" endtime="20211110 22:26:19.381"/>
</kw>
<kw name="Submit Login Form" library="AutheticationActions">
<kw name="Click" library="Browser">
<arg>css=.submit-button &gt;&gt; text=Entrar</arg>
<tag>PageContent</tag>
<tag>Setter</tag>
<doc>Simulates mouse click on the element found by ``selector``.</doc>
<status status="PASS" starttime="20211110 22:26:19.389" endtime="20211110 22:26:19.461"/>
</kw>
<status status="PASS" starttime="20211110 22:26:19.381" endtime="20211110 22:26:19.461"/>
</kw>
<kw name="Alert Span Should Be MSG" library="_SharedActions">
<arg>${expected_alerts}[0]</arg>
<kw name="Wait For Elements State" library="Browser">
<arg>css=span[class=error] &gt;&gt; text=${expected_alert}</arg>
<arg>visible</arg>
<arg>5</arg>
<tag>PageContent</tag>
<tag>Wait</tag>
<doc>Waits for the element found by ``selector`` to satisfy state option.</doc>
<msg timestamp="20211110 22:26:19.482" level="INFO">Wait for Element with selector: css=span[class=error] &gt;&gt; text=E-mail obrigatório</msg>
<status status="PASS" starttime="20211110 22:26:19.461" endtime="20211110 22:26:19.482"/>
</kw>
<status status="PASS" starttime="20211110 22:26:19.461" endtime="20211110 22:26:19.482"/>
</kw>
<kw name="Finish Session" library="Base" type="TEARDOWN">
<kw name="Take Screenshot" library="Browser">
<tag>PageContent</tag>
<doc>Takes a screenshot of the current window or element and saves it to disk.</doc>
<msg timestamp="20211110 22:26:19.706" level="INFO" html="true">&lt;/td&gt;&lt;/tr&gt;&lt;tr&gt;&lt;td colspan="3"&gt;&lt;a href="browser/screenshot/robotframework-browser-screenshot-5.png"&gt;&lt;img src="browser/screenshot/robotframework-browser-screenshot-5.png" width="800px"&gt;&lt;/a&gt;</msg>
<status status="PASS" starttime="20211110 22:26:19.490" endtime="20211110 22:26:19.706"/>
</kw>
<status status="PASS" starttime="20211110 22:26:19.482" endtime="20211110 22:26:19.706"/>
</kw>
<tag>attempt_login</tag>
<tag>ignlogin</tag>
<status status="PASS" starttime="20211110 22:26:07.711" endtime="20211110 22:26:19.707"/>
</test>
<test id="s1-s1-t6" name="Ignore Field Password User">
<kw name="Start Session" library="Base" type="SETUP">
<kw name="New Browser" library="Browser">
<arg>chromium</arg>
<arg>headless=True</arg>
<arg>slowMo=00:00:00</arg>
<tag>BrowserControl</tag>
<tag>Setter</tag>
<doc>Create a new playwright Browser with specified options.</doc>
<msg timestamp="20211110 22:26:19.739" level="INFO">{"browser": "chromium", "headless": true, "handleSIGINT": true, "handleSIGTERM": true, "handleSIGHUP": true, "timeout": 30000.0, "devtools": false, "slowMo": 0.0, "tracesDir": "C:\\GravidadeZERO\\getgeeks\\project\\logs\\browser\\traces\\50a34170-ff42-481a-9022-383dbc88b09c"}</msg>
<msg timestamp="20211110 22:26:22.571" level="INFO">Successfully created browser with options: {"browser":"chromium","headless":true,"handleSIGINT":true,"handleSIGTERM":true,"handleSIGHUP":true,"timeout":30000,"devtools":false,"slowMo":0,"tracesDir":"C:\\GravidadeZERO\\getgeeks\\project\\logs\\browser\\traces\\50a34170-ff42-481a-9022-383dbc88b09c"}</msg>
<status status="PASS" starttime="20211110 22:26:19.739" endtime="20211110 22:26:22.571"/>
</kw>
<kw name="New Page" library="Browser">
<arg>${BASE_URL}</arg>
<tag>BrowserControl</tag>
<tag>Setter</tag>
<doc>Open a new Page. A Page is the Playwright equivalent to a tab.
See `Browser, Context and Page` for more information about Page concept.
Returns a stable identifier for the created page.</doc>
<msg timestamp="20211110 22:26:29.816" level="INFO">Successfully initialized new page object and opened url: https://getgeeks-bbetty.herokuapp.com</msg>
<msg timestamp="20211110 22:26:29.816" level="INFO">No context was open. New context was automatically opened when this page is created.</msg>
<status status="PASS" starttime="20211110 22:26:22.571" endtime="20211110 22:26:29.816"/>
</kw>
<kw name="Get Title" library="Browser">
<arg>==</arg>
<arg>Getgeeks - Encontre um Geek</arg>
<tag>Assertion</tag>
<tag>Getter</tag>
<tag>PageContent</tag>
<doc>Returns the title of the current page.</doc>
<status status="PASS" starttime="20211110 22:26:29.816" endtime="20211110 22:26:29.824"/>
</kw>
<status status="PASS" starttime="20211110 22:26:19.739" endtime="20211110 22:26:29.824"/>
</kw>
<kw name="Create Dictionary" library="BuiltIn">
<var>${u}</var>
<arg>email=test@test.io</arg>
<arg>password=${EMPTY}</arg>
<doc>Creates and returns a dictionary based on the given ``items``.</doc>
<msg timestamp="20211110 22:26:29.832" level="INFO">${u} = {'email': 'test@test.io', 'password': ''}</msg>
<status status="PASS" starttime="20211110 22:26:29.824" endtime="20211110 22:26:29.832"/>
</kw>
<kw name="Create List" library="BuiltIn">
<var>@{expected_alerts}</var>
<arg>E-mail obrigatório</arg>
<arg>Senha obrigatória</arg>
<doc>Returns a list containing given items.</doc>
<msg timestamp="20211110 22:26:29.832" level="INFO">@{expected_alerts} = [ E-mail obrigatório | Senha obrigatória ]</msg>
<status status="PASS" starttime="20211110 22:26:29.832" endtime="20211110 22:26:29.832"/>
</kw>
<kw name="Go To Login Form" library="AutheticationActions">
<kw name="Set Variable" library="BuiltIn">
<var>${expected_text}</var>
<arg>Fazer login</arg>
<doc>Returns the given values which can then be assigned to a variables.</doc>
<msg timestamp="20211110 22:26:29.832" level="INFO">${expected_text} = Fazer login</msg>
<status status="PASS" starttime="20211110 22:26:29.832" endtime="20211110 22:26:29.832"/>
</kw>
<kw name="Set Variable" library="BuiltIn">
<var>${receive_text}</var>
<arg>xpath=//form[@class="login-form"]/h1</arg>
<doc>Returns the given values which can then be assigned to a variables.</doc>
<msg timestamp="20211110 22:26:29.832" level="INFO">${receive_text} = xpath=//form[@class="login-form"]/h1</msg>
<status status="PASS" starttime="20211110 22:26:29.832" endtime="20211110 22:26:29.832"/>
</kw>
<kw name="Go To" library="Browser">
<arg>${BASE_URL}</arg>
<tag>BrowserControl</tag>
<tag>Setter</tag>
<doc>Navigates to the given ``url``.</doc>
<msg timestamp="20211110 22:26:30.405" level="INFO">Successfully opened URL https://getgeeks-bbetty.herokuapp.com</msg>
<status status="PASS" starttime="20211110 22:26:29.832" endtime="20211110 22:26:30.405"/>
</kw>
<kw name="Wait For Elements State" library="Browser">
<arg>${receive_text}</arg>
<arg>visible</arg>
<arg>5</arg>
<tag>PageContent</tag>
<tag>Wait</tag>
<doc>Waits for the element found by ``selector`` to satisfy state option.</doc>
<msg timestamp="20211110 22:26:30.437" level="INFO">Wait for Element with selector: xpath=//form[@class="login-form"]/h1</msg>
<status status="PASS" starttime="20211110 22:26:30.405" endtime="20211110 22:26:30.437"/>
</kw>
<kw name="Get Text" library="Browser">
<arg>${receive_text}</arg>
<arg>equal</arg>
<arg>${expected_text}</arg>
<tag>Assertion</tag>
<tag>Getter</tag>
<tag>PageContent</tag>
<doc>Returns text attribute of the element found by ``selector``.</doc>
<status status="PASS" starttime="20211110 22:26:30.437" endtime="20211110 22:26:30.469"/>
</kw>
<status status="PASS" starttime="20211110 22:26:29.832" endtime="20211110 22:26:30.469"/>
</kw>
<kw name="Fill Login Form" library="AutheticationActions">
<arg>${u}</arg>
<kw name="Fill Text" library="Browser">
<arg>${INPUT_EMAIL}</arg>
<arg>${user}[email]</arg>
<tag>PageContent</tag>
<tag>Setter</tag>
<doc>Clears and fills the given ``txt`` into the text field found by ``selector``.</doc>
<msg timestamp="20211110 22:26:30.469" level="INFO">Fills the text 'test@test.io' in the given field.</msg>
<status status="PASS" starttime="20211110 22:26:30.469" endtime="20211110 22:26:30.503"/>
</kw>
<kw name="Fill Text" library="Browser">
<arg>${INPUT_PASS}</arg>
<arg>${user}[password]</arg>
<tag>PageContent</tag>
<tag>Setter</tag>
<doc>Clears and fills the given ``txt`` into the text field found by ``selector``.</doc>
<msg timestamp="20211110 22:26:30.503" level="INFO">Fills the text '' in the given field.</msg>
<status status="PASS" starttime="20211110 22:26:30.503" endtime="20211110 22:26:30.533"/>
</kw>
<status status="PASS" starttime="20211110 22:26:30.469" endtime="20211110 22:26:30.533"/>
</kw>
<kw name="Submit Login Form" library="AutheticationActions">
<kw name="Click" library="Browser">
<arg>css=.submit-button &gt;&gt; text=Entrar</arg>
<tag>PageContent</tag>
<tag>Setter</tag>
<doc>Simulates mouse click on the element found by ``selector``.</doc>
<status status="PASS" starttime="20211110 22:26:30.541" endtime="20211110 22:26:30.626"/>
</kw>
<status status="PASS" starttime="20211110 22:26:30.533" endtime="20211110 22:26:30.626"/>
</kw>
<kw name="Alert Span Should Be MSG" library="_SharedActions">
<arg>${expected_alerts}[1]</arg>
<kw name="Wait For Elements State" library="Browser">
<arg>css=span[class=error] &gt;&gt; text=${expected_alert}</arg>
<arg>visible</arg>
<arg>5</arg>
<tag>PageContent</tag>
<tag>Wait</tag>
<doc>Waits for the element found by ``selector`` to satisfy state option.</doc>
<msg timestamp="20211110 22:26:30.650" level="INFO">Wait for Element with selector: css=span[class=error] &gt;&gt; text=Senha obrigatória</msg>
<status status="PASS" starttime="20211110 22:26:30.634" endtime="20211110 22:26:30.650"/>
</kw>
<status status="PASS" starttime="20211110 22:26:30.634" endtime="20211110 22:26:30.650"/>
</kw>
<kw name="Finish Session" library="Base" type="TEARDOWN">
<kw name="Take Screenshot" library="Browser">
<tag>PageContent</tag>
<doc>Takes a screenshot of the current window or element and saves it to disk.</doc>
<msg timestamp="20211110 22:26:30.902" level="INFO" html="true">&lt;/td&gt;&lt;/tr&gt;&lt;tr&gt;&lt;td colspan="3"&gt;&lt;a href="browser/screenshot/robotframework-browser-screenshot-6.png"&gt;&lt;img src="browser/screenshot/robotframework-browser-screenshot-6.png" width="800px"&gt;&lt;/a&gt;</msg>
<status status="PASS" starttime="20211110 22:26:30.650" endtime="20211110 22:26:30.902"/>
</kw>
<status status="PASS" starttime="20211110 22:26:30.650" endtime="20211110 22:26:30.902"/>
</kw>
<tag>attempt_login</tag>
<tag>ignpass</tag>
<status status="PASS" starttime="20211110 22:26:19.739" endtime="20211110 22:26:30.902"/>
</test>
<doc>ST Autenticação de Usuários</doc>
<status status="FAIL" starttime="20211110 22:25:11.022" endtime="20211110 22:26:30.929"/>
</suite>
<suite id="s1-s2" name="BeGeek" source="C:\GravidadeZERO\getgeeks\project\tests\BeGeek.robot">
<test id="s1-s2-t1" name="Be a Geek">
<kw name="Start Session" library="Base" type="SETUP">
<kw name="New Browser" library="Browser">
<arg>chromium</arg>
<arg>headless=True</arg>
<arg>slowMo=00:00:00</arg>
<tag>BrowserControl</tag>
<tag>Setter</tag>
<doc>Create a new playwright Browser with specified options.</doc>
<msg timestamp="20211110 22:26:30.958" level="INFO">{"browser": "chromium", "headless": true, "handleSIGINT": true, "handleSIGTERM": true, "handleSIGHUP": true, "timeout": 30000.0, "devtools": false, "slowMo": 0.0, "tracesDir": "C:\\GravidadeZERO\\getgeeks\\project\\logs\\browser\\traces\\3da9e646-fe11-45b2-b5fd-3732153ecf50"}</msg>
<msg timestamp="20211110 22:26:33.192" level="INFO">Successfully created browser with options: {"browser":"chromium","headless":true,"handleSIGINT":true,"handleSIGTERM":true,"handleSIGHUP":true,"timeout":30000,"devtools":false,"slowMo":0,"tracesDir":"C:\\GravidadeZERO\\getgeeks\\project\\logs\\browser\\traces\\3da9e646-fe11-45b2-b5fd-3732153ecf50"}</msg>
<status status="PASS" starttime="20211110 22:26:30.958" endtime="20211110 22:26:33.192"/>
</kw>
<kw name="New Page" library="Browser">
<arg>${BASE_URL}</arg>
<tag>BrowserControl</tag>
<tag>Setter</tag>
<doc>Open a new Page. A Page is the Playwright equivalent to a tab.
See `Browser, Context and Page` for more information about Page concept.
Returns a stable identifier for the created page.</doc>
<msg timestamp="20211110 22:26:36.322" level="INFO">Successfully initialized new page object and opened url: https://getgeeks-bbetty.herokuapp.com</msg>
<msg timestamp="20211110 22:26:36.322" level="INFO">No context was open. New context was automatically opened when this page is created.</msg>
<status status="PASS" starttime="20211110 22:26:33.192" endtime="20211110 22:26:36.322"/>
</kw>
<kw name="Get Title" library="Browser">
<arg>==</arg>
<arg>Getgeeks - Encontre um Geek</arg>
<tag>Assertion</tag>
<tag>Getter</tag>
<tag>PageContent</tag>
<doc>Returns the title of the current page.</doc>
<status status="PASS" starttime="20211110 22:26:36.322" endtime="20211110 22:26:36.330"/>
</kw>
<status status="PASS" starttime="20211110 22:26:30.950" endtime="20211110 22:26:36.330"/>
</kw>
<kw name="Factory User" library="Users">
<var>${user}</var>
<arg>faker</arg>
<msg timestamp="20211110 22:26:36.330" level="INFO">${user} = {'name': 'Maria', 'lastname': 'Banks', 'email': 'hatfieldwanda@hotmail.com', 'password': 'RW2Q@ifQ$3'}</msg>
<status status="PASS" starttime="20211110 22:26:36.330" endtime="20211110 22:26:36.330"/>
</kw>
<kw name="Do Login" library="Helpers">
<arg>${user}</arg>
<kw name="Go To Login Form" library="AutheticationActions">
<kw name="Set Variable" library="BuiltIn">
<var>${expected_text}</var>
<arg>Fazer login</arg>
<doc>Returns the given values which can then be assigned to a variables.</doc>
<msg timestamp="20211110 22:26:36.330" level="INFO">${expected_text} = Fazer login</msg>
<status status="PASS" starttime="20211110 22:26:36.330" endtime="20211110 22:26:36.330"/>
</kw>
<kw name="Set Variable" library="BuiltIn">
<var>${receive_text}</var>
<arg>xpath=//form[@class="login-form"]/h1</arg>
<doc>Returns the given values which can then be assigned to a variables.</doc>
<msg timestamp="20211110 22:26:36.330" level="INFO">${receive_text} = xpath=//form[@class="login-form"]/h1</msg>
<status status="PASS" starttime="20211110 22:26:36.330" endtime="20211110 22:26:36.330"/>
</kw>
<kw name="Go To" library="Browser">
<arg>${BASE_URL}</arg>
<tag>BrowserControl</tag>
<tag>Setter</tag>
<doc>Navigates to the given ``url``.</doc>
<msg timestamp="20211110 22:26:36.880" level="INFO">Successfully opened URL https://getgeeks-bbetty.herokuapp.com</msg>
<status status="PASS" starttime="20211110 22:26:36.330" endtime="20211110 22:26:36.880"/>
</kw>
<kw name="Wait For Elements State" library="Browser">
<arg>${receive_text}</arg>
<arg>visible</arg>
<arg>5</arg>
<tag>PageContent</tag>
<tag>Wait</tag>
<doc>Waits for the element found by ``selector`` to satisfy state option.</doc>
<msg timestamp="20211110 22:26:36.912" level="INFO">Wait for Element with selector: xpath=//form[@class="login-form"]/h1</msg>
<status status="PASS" starttime="20211110 22:26:36.880" endtime="20211110 22:26:36.912"/>
</kw>
<kw name="Get Text" library="Browser">
<arg>${receive_text}</arg>
<arg>equal</arg>
<arg>${expected_text}</arg>
<tag>Assertion</tag>
<tag>Getter</tag>
<tag>PageContent</tag>
<doc>Returns text attribute of the element found by ``selector``.</doc>
<status status="PASS" starttime="20211110 22:26:36.912" endtime="20211110 22:26:36.937"/>
</kw>
<status status="PASS" starttime="20211110 22:26:36.330" endtime="20211110 22:26:36.937"/>
</kw>
<kw name="Fill Login Form" library="AutheticationActions">
<arg>${geek}[email]</arg>
<arg>${geek}[password]</arg>
<msg timestamp="20211110 22:26:36.945" level="FAIL">Keyword 'AutheticationActions.Fill Login Form' expected 1 argument, got 2.</msg>
<status status="FAIL" starttime="20211110 22:26:36.945" endtime="20211110 22:26:36.945"/>
</kw>
<kw name="Submit Login Form" library="AutheticationActions">
<status status="NOT RUN" starttime="20211110 22:26:36.945" endtime="20211110 22:26:36.945"/>
</kw>
<kw name="User Should Be Logged In" library="AutheticationActions">
<arg>${geek}[name] ${geek}[lastname]</arg>
<status status="NOT RUN" starttime="20211110 22:26:36.945" endtime="20211110 22:26:36.945"/>
</kw>
<status status="FAIL" starttime="20211110 22:26:36.330" endtime="20211110 22:26:36.945"/>
</kw>
<kw name="Go to Geek Form" library="GeekActions">
<status status="NOT RUN" starttime="20211110 22:26:36.945" endtime="20211110 22:26:36.945"/>
</kw>
<kw name="Finish Session" library="Base" type="TEARDOWN">
<kw name="Take Screenshot" library="Browser">
<tag>PageContent</tag>
<doc>Takes a screenshot of the current window or element and saves it to disk.</doc>
<msg timestamp="20211110 22:26:37.141" level="INFO" html="true">&lt;/td&gt;&lt;/tr&gt;&lt;tr&gt;&lt;td colspan="3"&gt;&lt;a href="browser/screenshot/robotframework-browser-screenshot-7.png"&gt;&lt;img src="browser/screenshot/robotframework-browser-screenshot-7.png" width="800px"&gt;&lt;/a&gt;</msg>
<status status="PASS" starttime="20211110 22:26:36.945" endtime="20211110 22:26:37.141"/>
</kw>
<status status="PASS" starttime="20211110 22:26:36.945" endtime="20211110 22:26:37.141"/>
</kw>
<tag>be_geek</tag>
<tag>smoke</tag>
<status status="FAIL" starttime="20211110 22:26:30.950" endtime="20211110 22:26:37.141">Keyword 'AutheticationActions.Fill Login Form' expected 1 argument, got 2.</status>
</test>
<doc>Suite de Teste para o Be Geek</doc>
<status status="FAIL" starttime="20211110 22:26:30.937" endtime="20211110 22:26:37.174"/>
</suite>
<suite id="s1-s3" name="Signup" source="C:\GravidadeZERO\getgeeks\project\tests\Signup.robot">
<test id="s1-s3-t1" name="Register a New User">
<kw name="Start Session" library="Base" type="SETUP">
<kw name="New Browser" library="Browser">
<arg>chromium</arg>
<arg>headless=True</arg>
<arg>slowMo=00:00:00</arg>
<tag>BrowserControl</tag>
<tag>Setter</tag>
<doc>Create a new playwright Browser with specified options.</doc>
<msg timestamp="20211110 22:26:37.200" level="INFO">{"browser": "chromium", "headless": true, "handleSIGINT": true, "handleSIGTERM": true, "handleSIGHUP": true, "timeout": 30000.0, "devtools": false, "slowMo": 0.0, "tracesDir": "C:\\GravidadeZERO\\getgeeks\\project\\logs\\browser\\traces\\c007c710-b31d-46e1-8737-e544d993d4f0"}</msg>
<msg timestamp="20211110 22:26:42.557" level="INFO">Successfully created browser with options: {"browser":"chromium","headless":true,"handleSIGINT":true,"handleSIGTERM":true,"handleSIGHUP":true,"timeout":30000,"devtools":false,"slowMo":0,"tracesDir":"C:\\GravidadeZERO\\getgeeks\\project\\logs\\browser\\traces\\c007c710-b31d-46e1-8737-e544d993d4f0"}</msg>
<status status="PASS" starttime="20211110 22:26:37.200" endtime="20211110 22:26:42.557"/>
</kw>
<kw name="New Page" library="Browser">
<arg>${BASE_URL}</arg>
<tag>BrowserControl</tag>
<tag>Setter</tag>
<doc>Open a new Page. A Page is the Playwright equivalent to a tab.
See `Browser, Context and Page` for more information about Page concept.
Returns a stable identifier for the created page.</doc>
<msg timestamp="20211110 22:26:47.553" level="INFO">Successfully initialized new page object and opened url: https://getgeeks-bbetty.herokuapp.com</msg>
<msg timestamp="20211110 22:26:47.553" level="INFO">No context was open. New context was automatically opened when this page is created.</msg>
<status status="PASS" starttime="20211110 22:26:42.557" endtime="20211110 22:26:47.553"/>
</kw>
<kw name="Get Title" library="Browser">
<arg>==</arg>
<arg>Getgeeks - Encontre um Geek</arg>
<tag>Assertion</tag>
<tag>Getter</tag>
<tag>PageContent</tag>
<doc>Returns the title of the current page.</doc>
<status status="PASS" starttime="20211110 22:26:47.553" endtime="20211110 22:26:47.561"/>
</kw>
<status status="PASS" starttime="20211110 22:26:37.200" endtime="20211110 22:26:47.561"/>
</kw>
<kw name="Factory User" library="Users">
<var>${user}</var>
<arg>faker</arg>
<msg timestamp="20211110 22:26:47.561" level="INFO">${user} = {'name': 'Tyler', 'lastname': 'Shannon', 'email': 'hernandezkevin@hotmail.com', 'password': '2lXhg45u$T'}</msg>
<status status="PASS" starttime="20211110 22:26:47.561" endtime="20211110 22:26:47.561"/>
</kw>
<kw name="Go To Signup Form" library="SignupActions">
<kw name="Go To" library="Browser">
<arg>${BASE_URL}/signup</arg>
<tag>BrowserControl</tag>
<tag>Setter</tag>
<doc>Navigates to the given ``url``.</doc>
<msg timestamp="20211110 22:26:48.311" level="INFO">Successfully opened URL https://getgeeks-bbetty.herokuapp.com/signup</msg>
<status status="PASS" starttime="20211110 22:26:47.561" endtime="20211110 22:26:48.311"/>
</kw>
<kw name="Wait For Elements State" library="Browser">
<arg>css=.signup-form</arg>
<arg>visible</arg>
<arg>5</arg>
<tag>PageContent</tag>
<tag>Wait</tag>
<doc>Waits for the element found by ``selector`` to satisfy state option.</doc>
<msg timestamp="20211110 22:26:48.351" level="INFO">Wait for Element with selector: css=.signup-form</msg>
<status status="PASS" starttime="20211110 22:26:48.311" endtime="20211110 22:26:48.351"/>
</kw>
<status status="PASS" starttime="20211110 22:26:47.561" endtime="20211110 22:26:48.351"/>
</kw>
<kw name="Fill Signup Form" library="SignupActions">
<arg>${user}</arg>
<kw name="Fill Text" library="Browser">
<arg>id=name</arg>
<arg>${user}[name]</arg>
<tag>PageContent</tag>
<tag>Setter</tag>
<doc>Clears and fills the given ``txt`` into the text field found by ``selector``.</doc>
<msg timestamp="20211110 22:26:48.351" level="INFO">Fills the text 'Tyler' in the given field.</msg>
<status status="PASS" starttime="20211110 22:26:48.351" endtime="20211110 22:26:48.395"/>
</kw>
<kw name="Fill Text" library="Browser">
<arg>id=lastname</arg>
<arg>${user}[lastname]</arg>
<tag>PageContent</tag>
<tag>Setter</tag>
<doc>Clears and fills the given ``txt`` into the text field found by ``selector``.</doc>
<msg timestamp="20211110 22:26:48.398" level="INFO">Fills the text 'Shannon' in the given field.</msg>
<status status="PASS" starttime="20211110 22:26:48.398" endtime="20211110 22:26:48.429"/>
</kw>
<kw name="Fill Text" library="Browser">
<arg>id=email</arg>
<arg>${user}[email]</arg>
<tag>PageContent</tag>
<tag>Setter</tag>
<doc>Clears and fills the given ``txt`` into the text field found by ``selector``.</doc>
<msg timestamp="20211110 22:26:48.429" level="INFO">Fills the text 'hernandezkevin@hotmail.com' in the given field.</msg>
<status status="PASS" starttime="20211110 22:26:48.429" endtime="20211110 22:26:48.466"/>
</kw>
<kw name="Fill Text" library="Browser">
<arg>id=password</arg>
<arg>${user}[password]</arg>
<tag>PageContent</tag>
<tag>Setter</tag>
<doc>Clears and fills the given ``txt`` into the text field found by ``selector``.</doc>
<msg timestamp="20211110 22:26:48.466" level="INFO">Fills the text '2lXhg45u$T' in the given field.</msg>
<status status="PASS" starttime="20211110 22:26:48.466" endtime="20211110 22:26:48.490"/>
</kw>
<status status="PASS" starttime="20211110 22:26:48.351" endtime="20211110 22:26:48.490"/>
</kw>
<kw name="Submit Signup Form" library="SignupActions">
<kw name="Click" library="Browser">
<arg>css=.submit-button &gt;&gt; text=Cadastrar</arg>
<tag>PageContent</tag>
<tag>Setter</tag>
<doc>Simulates mouse click on the element found by ``selector``.</doc>
<status status="PASS" starttime="20211110 22:26:48.498" endtime="20211110 22:26:48.572"/>
</kw>
<status status="PASS" starttime="20211110 22:26:48.490" endtime="20211110 22:26:48.572"/>
</kw>
<kw name="User Should Be Registered" library="SignupActions">
<kw name="Set Variable" library="BuiltIn">
<var>${expect_message}</var>
<arg>css=p &gt;&gt; text=Agora você faz parte da Getgeeks. Tenha uma ótima experiência.</arg>
<doc>Returns the given values which can then be assigned to a variables.</doc>
<msg timestamp="20211110 22:26:48.572" level="INFO">${expect_message} = css=p &gt;&gt; text=Agora você faz parte da Getgeeks. Tenha uma ótima experiência.</msg>
<status status="PASS" starttime="20211110 22:26:48.572" endtime="20211110 22:26:48.572"/>
</kw>
<kw name="Wait For Elements State" library="Browser">
<arg>${expect_message}</arg>
<arg>visible</arg>
<arg>5</arg>
<tag>PageContent</tag>
<tag>Wait</tag>
<doc>Waits for the element found by ``selector`` to satisfy state option.</doc>
<msg timestamp="20211110 22:26:49.479" level="INFO">Wait for Element with selector: css=p &gt;&gt; text=Agora você faz parte da Getgeeks. Tenha uma ótima experiência.</msg>
<status status="PASS" starttime="20211110 22:26:48.580" endtime="20211110 22:26:49.479"/>
</kw>
<status status="PASS" starttime="20211110 22:26:48.572" endtime="20211110 22:26:49.479"/>
</kw>
<kw name="Go Back Home" library="SignupActions">
<kw name="Click" library="Browser">
<arg>css=a[href="/"]</arg>
<tag>PageContent</tag>
<tag>Setter</tag>
<doc>Simulates mouse click on the element found by ``selector``.</doc>
<status status="PASS" starttime="20211110 22:26:49.487" endtime="20211110 22:26:49.539"/>
</kw>
<kw name="Wait For Elements State" library="Browser">
<arg>css=.login-form</arg>
<arg>visible</arg>
<arg>5</arg>
<tag>PageContent</tag>
<tag>Wait</tag>
<doc>Waits for the element found by ``selector`` to satisfy state option.</doc>
<msg timestamp="20211110 22:26:49.563" level="INFO">Wait for Element with selector: css=.login-form</msg>
<status status="PASS" starttime="20211110 22:26:49.539" endtime="20211110 22:26:49.563"/>
</kw>
<status status="PASS" starttime="20211110 22:26:49.487" endtime="20211110 22:26:49.563"/>
</kw>
<kw name="Finish Session" library="Base" type="TEARDOWN">
<kw name="Take Screenshot" library="Browser">
<tag>PageContent</tag>
<doc>Takes a screenshot of the current window or element and saves it to disk.</doc>
<msg timestamp="20211110 22:26:49.785" level="INFO" html="true">&lt;/td&gt;&lt;/tr&gt;&lt;tr&gt;&lt;td colspan="3"&gt;&lt;a href="browser/screenshot/robotframework-browser-screenshot-8.png"&gt;&lt;img src="browser/screenshot/robotframework-browser-screenshot-8.png" width="800px"&gt;&lt;/a&gt;</msg>
<status status="PASS" starttime="20211110 22:26:49.568" endtime="20211110 22:26:49.785"/>
</kw>
<status status="PASS" starttime="20211110 22:26:49.568" endtime="20211110 22:26:49.785"/>
</kw>
<tag>new_user</tag>
<tag>smoke</tag>
<status status="PASS" starttime="20211110 22:26:37.199" endtime="20211110 22:26:49.785"/>
</test>
<test id="s1-s3-t2" name="Duplicated User">
<kw name="Start Session" library="Base" type="SETUP">
<kw name="New Browser" library="Browser">
<arg>chromium</arg>
<arg>headless=True</arg>
<arg>slowMo=00:00:00</arg>
<tag>BrowserControl</tag>
<tag>Setter</tag>
<doc>Create a new playwright Browser with specified options.</doc>
<msg timestamp="20211110 22:26:49.830" level="INFO">{"browser": "chromium", "headless": true, "handleSIGINT": true, "handleSIGTERM": true, "handleSIGHUP": true, "timeout": 30000.0, "devtools": false, "slowMo": 0.0, "tracesDir": "C:\\GravidadeZERO\\getgeeks\\project\\logs\\browser\\traces\\df7c1021-9bb0-4ddb-9cf3-35b503b6a067"}</msg>
<msg timestamp="20211110 22:26:53.281" level="INFO">Successfully created browser with options: {"browser":"chromium","headless":true,"handleSIGINT":true,"handleSIGTERM":true,"handleSIGHUP":true,"timeout":30000,"devtools":false,"slowMo":0,"tracesDir":"C:\\GravidadeZERO\\getgeeks\\project\\logs\\browser\\traces\\df7c1021-9bb0-4ddb-9cf3-35b503b6a067"}</msg>
<status status="PASS" starttime="20211110 22:26:49.830" endtime="20211110 22:26:53.281"/>
</kw>
<kw name="New Page" library="Browser">
<arg>${BASE_URL}</arg>
<tag>BrowserControl</tag>
<tag>Setter</tag>
<doc>Open a new Page. A Page is the Playwright equivalent to a tab.
See `Browser, Context and Page` for more information about Page concept.
Returns a stable identifier for the created page.</doc>
<msg timestamp="20211110 22:26:57.112" level="INFO">Successfully initialized new page object and opened url: https://getgeeks-bbetty.herokuapp.com</msg>
<msg timestamp="20211110 22:26:57.112" level="INFO">No context was open. New context was automatically opened when this page is created.</msg>
<status status="PASS" starttime="20211110 22:26:53.282" endtime="20211110 22:26:57.112"/>
</kw>
<kw name="Get Title" library="Browser">
<arg>==</arg>
<arg>Getgeeks - Encontre um Geek</arg>
<tag>Assertion</tag>
<tag>Getter</tag>
<tag>PageContent</tag>
<doc>Returns the title of the current page.</doc>
<status status="PASS" starttime="20211110 22:26:57.112" endtime="20211110 22:26:57.120"/>
</kw>
<status status="PASS" starttime="20211110 22:26:49.828" endtime="20211110 22:26:57.120"/>
</kw>
<kw name="Factory User" library="Users">
<var>${user}</var>
<arg>faker</arg>
<msg timestamp="20211110 22:26:57.120" level="INFO">${user} = {'name': 'Andrea', 'lastname': 'Tucker', 'email': 'vmartin@gmail.com', 'password': '$K6gRD1hX&amp;'}</msg>
<status status="PASS" starttime="20211110 22:26:57.120" endtime="20211110 22:26:57.120"/>
</kw>
<kw name="Add Users From Database" library="Helpers">
<arg>${user}</arg>
<kw name="Connect To Postgress" library="Database">
<kw name="Connect To Database" library="DatabaseLibrary">
<arg>psycopg2</arg>
<arg>rfclzdcd</arg>
<arg>rfclzdcd</arg>
<arg>AmTPqiZwLsB-Fv3ZhIKRLWHz1VzLv5MC</arg>
<arg>fanny.db.elephantsql.com</arg>
<arg>5432</arg>
<doc>Loads the DB API 2.0 module given `dbapiModuleName` then uses it to
connect to the database using `dbName`, `dbUsername`, and `dbPassword`.</doc>
<msg timestamp="20211110 22:26:57.140" level="INFO">Connecting using : psycopg2.connect(database=rfclzdcd, user=rfclzdcd, password=AmTPqiZwLsB-Fv3ZhIKRLWHz1VzLv5MC, host=fanny.db.elephantsql.com, port=5432) </msg>
<status status="PASS" starttime="20211110 22:26:57.120" endtime="20211110 22:26:58.149"/>
</kw>
<status status="PASS" starttime="20211110 22:26:57.120" endtime="20211110 22:26:58.149"/>
</kw>
<kw name="Insert User Database" library="Database">
<arg>${user}</arg>
<kw name="Get Hashed Pass" library="Users">
<var>${hashed_pass}</var>
<arg>${u}[password]</arg>
<msg timestamp="20211110 22:26:58.168" level="INFO">${hashed_pass} = $2b$08$qh5BVCSQV3mlIZGga4nr2erm3vLT.S3OZ9J4oIn6tN1IFVRAhkzry</msg>
<status status="PASS" starttime="20211110 22:26:58.149" endtime="20211110 22:26:58.168"/>
</kw>
<kw name="Set Variable" library="BuiltIn">
<var>${q}</var>
<arg>INSERT INTO public.users (email, password_hash, name, is_geek) values ('${u}[email]', '${hashed_pass}','${u}[name] ${u}[lastname]',false);</arg>
<doc>Returns the given values which can then be assigned to a variables.</doc>
<msg timestamp="20211110 22:26:58.168" level="INFO">${q} = INSERT INTO public.users (email, password_hash, name, is_geek) values ('vmartin@gmail.com', '$2b$08$qh5BVCSQV3mlIZGga4nr2erm3vLT.S3OZ9J4oIn6tN1IFVRAhkzry','Andrea Tucker',false);</msg>
<status status="PASS" starttime="20211110 22:26:58.168" endtime="20211110 22:26:58.176"/>
</kw>
<kw name="Execute Sql String" library="DatabaseLibrary">
<arg>${q}</arg>
<doc>Executes the sqlString as SQL commands. Useful to pass arguments to your sql. Set optional input `sansTran` to
True to run command without an explicit transaction commit or rollback.</doc>
<msg timestamp="20211110 22:26:58.176" level="INFO">Executing : Execute SQL String  |  INSERT INTO public.users (email, password_hash, name, is_geek) values ('vmartin@gmail.com', '$2b$08$qh5BVCSQV3mlIZGga4nr2erm3vLT.S3OZ9J4oIn6tN1IFVRAhkzry','Andrea Tucker',false); </msg>
<status status="PASS" starttime="20211110 22:26:58.176" endtime="20211110 22:26:58.578"/>
</kw>
<status status="PASS" starttime="20211110 22:26:58.149" endtime="20211110 22:26:58.578"/>
</kw>
<kw name="Users Seed" library="Database">
<kw name="Factory User" library="Users">
<var>${user}</var>
<arg>login</arg>
<msg timestamp="20211110 22:26:58.578" level="INFO">${user} = {'name': 'test', 'lastname': 'loggin', 'email': 'testloggin@getgeeks.com', 'password': 'test123'}</msg>
<status status="PASS" starttime="20211110 22:26:58.578" endtime="20211110 22:26:58.578"/>
</kw>
<kw name="Insert User Database" library="Database">
<arg>${user}</arg>
<kw name="Get Hashed Pass" library="Users">
<var>${hashed_pass}</var>
<arg>${u}[password]</arg>
<msg timestamp="20211110 22:26:58.609" level="INFO">${hashed_pass} = $2b$08$4FZ1C5KtKa0m9X9oPAVJnugp.bbDnd4xxJBIj4F31wWB3U3er17w6</msg>
<status status="PASS" starttime="20211110 22:26:58.578" endtime="20211110 22:26:58.609"/>
</kw>
<kw name="Set Variable" library="BuiltIn">
<var>${q}</var>
<arg>INSERT INTO public.users (email, password_hash, name, is_geek) values ('${u}[email]', '${hashed_pass}','${u}[name] ${u}[lastname]',false);</arg>
<doc>Returns the given values which can then be assigned to a variables.</doc>
<msg timestamp="20211110 22:26:58.609" level="INFO">${q} = INSERT INTO public.users (email, password_hash, name, is_geek) values ('testloggin@getgeeks.com', '$2b$08$4FZ1C5KtKa0m9X9oPAVJnugp.bbDnd4xxJBIj4F31wWB3U3er17w6','test loggin',false);</msg>
<status status="PASS" starttime="20211110 22:26:58.609" endtime="20211110 22:26:58.609"/>
</kw>
<kw name="Execute Sql String" library="DatabaseLibrary">
<arg>${q}</arg>
<doc>Executes the sqlString as SQL commands. Useful to pass arguments to your sql. Set optional input `sansTran` to
True to run command without an explicit transaction commit or rollback.</doc>
<msg timestamp="20211110 22:26:58.609" level="INFO">Executing : Execute SQL String  |  INSERT INTO public.users (email, password_hash, name, is_geek) values ('testloggin@getgeeks.com', '$2b$08$4FZ1C5KtKa0m9X9oPAVJnugp.bbDnd4xxJBIj4F31wWB3U3er17w6','test loggin',false); </msg>
<status status="PASS" starttime="20211110 22:26:58.609" endtime="20211110 22:26:58.997"/>
</kw>
<status status="PASS" starttime="20211110 22:26:58.578" endtime="20211110 22:26:58.997"/>
</kw>
<kw name="Factory User" library="Users">
<var>${geek}</var>
<arg>be_geek</arg>
<msg timestamp="20211110 22:26:58.997" level="INFO">${geek} = {'name': 'kim', 'lastname': 'geek', 'email': 'kgeek@getgeeks.com', 'password': 'test321', 'geek_profile': {'whats': '81.98987-4220', 'desc': 'Computador lento? Demora para Inicializar? Tela azul? Temo...</msg>
<status status="PASS" starttime="20211110 22:26:58.997" endtime="20211110 22:26:58.997"/>
</kw>
<kw name="Insert User Database" library="Database">
<arg>${geek}</arg>
<kw name="Get Hashed Pass" library="Users">
<var>${hashed_pass}</var>
<arg>${u}[password]</arg>
<msg timestamp="20211110 22:26:59.028" level="INFO">${hashed_pass} = $2b$08$QL/mj8MeDwKjAauV22ctw.Ccxlyn9Y5FsPnibPub/We6eitBJdH/K</msg>
<status status="PASS" starttime="20211110 22:26:58.997" endtime="20211110 22:26:59.028"/>
</kw>
<kw name="Set Variable" library="BuiltIn">
<var>${q}</var>
<arg>INSERT INTO public.users (email, password_hash, name, is_geek) values ('${u}[email]', '${hashed_pass}','${u}[name] ${u}[lastname]',false);</arg>
<doc>Returns the given values which can then be assigned to a variables.</doc>
<msg timestamp="20211110 22:26:59.028" level="INFO">${q} = INSERT INTO public.users (email, password_hash, name, is_geek) values ('kgeek@getgeeks.com', '$2b$08$QL/mj8MeDwKjAauV22ctw.Ccxlyn9Y5FsPnibPub/We6eitBJdH/K','kim geek',false);</msg>
<status status="PASS" starttime="20211110 22:26:59.028" endtime="20211110 22:26:59.028"/>
</kw>
<kw name="Execute Sql String" library="DatabaseLibrary">
<arg>${q}</arg>
<doc>Executes the sqlString as SQL commands. Useful to pass arguments to your sql. Set optional input `sansTran` to
True to run command without an explicit transaction commit or rollback.</doc>
<msg timestamp="20211110 22:26:59.028" level="INFO">Executing : Execute SQL String  |  INSERT INTO public.users (email, password_hash, name, is_geek) values ('kgeek@getgeeks.com', '$2b$08$QL/mj8MeDwKjAauV22ctw.Ccxlyn9Y5FsPnibPub/We6eitBJdH/K','kim geek',false); </msg>
<status status="PASS" starttime="20211110 22:26:59.028" endtime="20211110 22:26:59.430"/>
</kw>
<status status="PASS" starttime="20211110 22:26:58.997" endtime="20211110 22:26:59.430"/>
</kw>
<status status="PASS" starttime="20211110 22:26:58.578" endtime="20211110 22:26:59.430"/>
</kw>
<kw name="Disconnect From Database" library="DatabaseLibrary">
<doc>Disconnects from the database.</doc>
<msg timestamp="20211110 22:26:59.430" level="INFO">Executing : Disconnect From Database</msg>
<status status="PASS" starttime="20211110 22:26:59.430" endtime="20211110 22:26:59.430"/>
</kw>
<status status="PASS" starttime="20211110 22:26:57.120" endtime="20211110 22:26:59.430"/>
</kw>
<kw name="Go To Signup Form" library="SignupActions">
<kw name="Go To" library="Browser">
<arg>${BASE_URL}/signup</arg>
<tag>BrowserControl</tag>
<tag>Setter</tag>
<doc>Navigates to the given ``url``.</doc>
<msg timestamp="20211110 22:27:00.201" level="INFO">Successfully opened URL https://getgeeks-bbetty.herokuapp.com/signup</msg>
<status status="PASS" starttime="20211110 22:26:59.430" endtime="20211110 22:27:00.201"/>
</kw>
<kw name="Wait For Elements State" library="Browser">
<arg>css=.signup-form</arg>
<arg>visible</arg>
<arg>5</arg>
<tag>PageContent</tag>
<tag>Wait</tag>
<doc>Waits for the element found by ``selector`` to satisfy state option.</doc>
<msg timestamp="20211110 22:27:00.245" level="INFO">Wait for Element with selector: css=.signup-form</msg>
<status status="PASS" starttime="20211110 22:27:00.201" endtime="20211110 22:27:00.245"/>
</kw>
<status status="PASS" starttime="20211110 22:26:59.430" endtime="20211110 22:27:00.245"/>
</kw>
<kw name="Fill Signup Form" library="SignupActions">
<arg>${user}</arg>
<kw name="Fill Text" library="Browser">
<arg>id=name</arg>
<arg>${user}[name]</arg>
<tag>PageContent</tag>
<tag>Setter</tag>
<doc>Clears and fills the given ``txt`` into the text field found by ``selector``.</doc>
<msg timestamp="20211110 22:27:00.245" level="INFO">Fills the text 'Andrea' in the given field.</msg>
<status status="PASS" starttime="20211110 22:27:00.245" endtime="20211110 22:27:00.293"/>
</kw>
<kw name="Fill Text" library="Browser">
<arg>id=lastname</arg>
<arg>${user}[lastname]</arg>
<tag>PageContent</tag>
<tag>Setter</tag>
<doc>Clears and fills the given ``txt`` into the text field found by ``selector``.</doc>
<msg timestamp="20211110 22:27:00.293" level="INFO">Fills the text 'Tucker' in the given field.</msg>
<status status="PASS" starttime="20211110 22:27:00.293" endtime="20211110 22:27:00.333"/>
</kw>
<kw name="Fill Text" library="Browser">
<arg>id=email</arg>
<arg>${user}[email]</arg>
<tag>PageContent</tag>
<tag>Setter</tag>
<doc>Clears and fills the given ``txt`` into the text field found by ``selector``.</doc>
[...]
<msg timestamp="20211110 22:28:38.480" level="INFO">No context was open. New context was automatically opened when this page is created.</msg>
<status status="PASS" starttime="20211110 22:28:35.024" endtime="20211110 22:28:38.480"/>
</kw>
<kw name="Get Title" library="Browser">
<arg>==</arg>
<arg>Getgeeks - Encontre um Geek</arg>
<tag>Assertion</tag>
<tag>Getter</tag>
<tag>PageContent</tag>
<doc>Returns the title of the current page.</doc>
<status status="PASS" starttime="20211110 22:28:38.480" endtime="20211110 22:28:38.488"/>
</kw>
<status status="PASS" starttime="20211110 22:28:28.867" endtime="20211110 22:28:38.488"/>
</kw>
<kw name="Signup With Limit Pass">
<arg>01234567890123456789012345678901234567</arg>
<tag>exection_signup</tag>
<tag>limit_pass</tag>
<kw name="Create Dictionary" library="BuiltIn">
<var>${user}</var>
<arg>name=User</arg>
<arg>lastname=Limit Pass</arg>
<arg>email=ushortpass@teste.io</arg>
<arg>password=${limit_pass}</arg>
<doc>Creates and returns a dictionary based on the given ``items``.</doc>
<msg timestamp="20211110 22:28:38.488" level="INFO">${user} = {'name': 'User', 'lastname': 'Limit Pass', 'email': 'ushortpass@teste.io', 'password': '01234567890123456789012345678901234567'}</msg>
<status status="PASS" starttime="20211110 22:28:38.488" endtime="20211110 22:28:38.488"/>
</kw>
<kw name="Go To Signup Form" library="SignupActions">
<kw name="Go To" library="Browser">
<arg>${BASE_URL}/signup</arg>
<tag>BrowserControl</tag>
<tag>Setter</tag>
<doc>Navigates to the given ``url``.</doc>
<msg timestamp="20211110 22:28:39.463" level="INFO">Successfully opened URL https://getgeeks-bbetty.herokuapp.com/signup</msg>
<status status="PASS" starttime="20211110 22:28:38.488" endtime="20211110 22:28:39.463"/>
</kw>
<kw name="Wait For Elements State" library="Browser">
<arg>css=.signup-form</arg>
<arg>visible</arg>
<arg>5</arg>
<tag>PageContent</tag>
<tag>Wait</tag>
<doc>Waits for the element found by ``selector`` to satisfy state option.</doc>
<msg timestamp="20211110 22:28:39.502" level="INFO">Wait for Element with selector: css=.signup-form</msg>
<status status="PASS" starttime="20211110 22:28:39.463" endtime="20211110 22:28:39.505"/>
</kw>
<status status="PASS" starttime="20211110 22:28:38.488" endtime="20211110 22:28:39.505"/>
</kw>
<kw name="Fill Signup Form" library="SignupActions">
<arg>${user}</arg>
<kw name="Fill Text" library="Browser">
<arg>id=name</arg>
<arg>${user}[name]</arg>
<tag>PageContent</tag>
<tag>Setter</tag>
<doc>Clears and fills the given ``txt`` into the text field found by ``selector``.</doc>
<msg timestamp="20211110 22:28:39.505" level="INFO">Fills the text 'User' in the given field.</msg>
<status status="PASS" starttime="20211110 22:28:39.505" endtime="20211110 22:28:39.544"/>
</kw>
<kw name="Fill Text" library="Browser">
<arg>id=lastname</arg>
<arg>${user}[lastname]</arg>
<tag>PageContent</tag>
<tag>Setter</tag>
<doc>Clears and fills the given ``txt`` into the text field found by ``selector``.</doc>
<msg timestamp="20211110 22:28:39.544" level="INFO">Fills the text 'Limit Pass' in the given field.</msg>
<status status="PASS" starttime="20211110 22:28:39.544" endtime="20211110 22:28:39.580"/>
</kw>
<kw name="Fill Text" library="Browser">
<arg>id=email</arg>
<arg>${user}[email]</arg>
<tag>PageContent</tag>
<tag>Setter</tag>
<doc>Clears and fills the given ``txt`` into the text field found by ``selector``.</doc>
<msg timestamp="20211110 22:28:39.580" level="INFO">Fills the text 'ushortpass@teste.io' in the given field.</msg>
<status status="PASS" starttime="20211110 22:28:39.580" endtime="20211110 22:28:39.613"/>
</kw>
<kw name="Fill Text" library="Browser">
<arg>id=password</arg>
<arg>${user}[password]</arg>
<tag>PageContent</tag>
<tag>Setter</tag>
<doc>Clears and fills the given ``txt`` into the text field found by ``selector``.</doc>
<msg timestamp="20211110 22:28:39.614" level="INFO">Fills the text '01234567890123456789012345678901234567' in the given field.</msg>
<status status="PASS" starttime="20211110 22:28:39.614" endtime="20211110 22:28:39.644"/>
</kw>
<status status="PASS" starttime="20211110 22:28:39.505" endtime="20211110 22:28:39.644"/>
</kw>
<kw name="Submit Signup Form" library="SignupActions">
<kw name="Click" library="Browser">
<arg>css=.submit-button &gt;&gt; text=Cadastrar</arg>
<tag>PageContent</tag>
<tag>Setter</tag>
<doc>Simulates mouse click on the element found by ``selector``.</doc>
<status status="PASS" starttime="20211110 22:28:39.644" endtime="20211110 22:28:39.728"/>
</kw>
<status status="PASS" starttime="20211110 22:28:39.644" endtime="20211110 22:28:39.728"/>
</kw>
<kw name="Alert Span Should Be MSG" library="_SharedActions">
<arg>Informe uma senha com no máximo 36 caracteres</arg>
<kw name="Wait For Elements State" library="Browser">
<arg>css=span[class=error] &gt;&gt; text=${expected_alert}</arg>
<arg>visible</arg>
<arg>5</arg>
<tag>PageContent</tag>
<tag>Wait</tag>
<doc>Waits for the element found by ``selector`` to satisfy state option.</doc>
<msg timestamp="20211110 22:28:45.183" level="INFO" html="true">&lt;/td&gt;&lt;/tr&gt;&lt;tr&gt;&lt;td colspan="3"&gt;&lt;a href="browser/screenshot/fail-screenshot-3.png"&gt;&lt;img src="browser/screenshot/fail-screenshot-3.png" width="800px"&gt;&lt;/a&gt;</msg>
<msg timestamp="20211110 22:28:45.185" level="FAIL">TimeoutError: page.waitForSelector: Timeout 5000ms exceeded.
=========================== logs ===========================
waiting for selector "css=span[class=error] &gt;&gt; text=Informe uma senha com no máximo 36 caracteres" to be visible
============================================================</msg>
<status status="FAIL" starttime="20211110 22:28:39.728" endtime="20211110 22:28:45.185"/>
</kw>
<status status="FAIL" starttime="20211110 22:28:39.728" endtime="20211110 22:28:45.185"/>
</kw>
<status status="FAIL" starttime="20211110 22:28:38.488" endtime="20211110 22:28:45.189"/>
</kw>
<kw name="Signup With Limit Pass">
<arg>abcdefghijklmnopqrstuvwyxzabcdefjhijk</arg>
<tag>exection_signup</tag>
<tag>limit_pass</tag>
<kw name="Create Dictionary" library="BuiltIn">
<var>${user}</var>
<arg>name=User</arg>
<arg>lastname=Limit Pass</arg>
<arg>email=ushortpass@teste.io</arg>
<arg>password=${limit_pass}</arg>
<doc>Creates and returns a dictionary based on the given ``items``.</doc>
<msg timestamp="20211110 22:28:45.189" level="INFO">${user} = {'name': 'User', 'lastname': 'Limit Pass', 'email': 'ushortpass@teste.io', 'password': 'abcdefghijklmnopqrstuvwyxzabcdefjhijk'}</msg>
<status status="PASS" starttime="20211110 22:28:45.189" endtime="20211110 22:28:45.189"/>
</kw>
<kw name="Go To Signup Form" library="SignupActions">
<kw name="Go To" library="Browser">
<arg>${BASE_URL}/signup</arg>
<tag>BrowserControl</tag>
<tag>Setter</tag>
<doc>Navigates to the given ``url``.</doc>
<msg timestamp="20211110 22:28:45.895" level="INFO">Successfully opened URL https://getgeeks-bbetty.herokuapp.com/signup</msg>
<status status="PASS" starttime="20211110 22:28:45.189" endtime="20211110 22:28:45.896"/>
</kw>
<kw name="Wait For Elements State" library="Browser">
<arg>css=.signup-form</arg>
<arg>visible</arg>
<arg>5</arg>
<tag>PageContent</tag>
<tag>Wait</tag>
<doc>Waits for the element found by ``selector`` to satisfy state option.</doc>
<msg timestamp="20211110 22:28:45.930" level="INFO">Wait for Element with selector: css=.signup-form</msg>
<status status="PASS" starttime="20211110 22:28:45.896" endtime="20211110 22:28:45.930"/>
</kw>
<status status="PASS" starttime="20211110 22:28:45.189" endtime="20211110 22:28:45.930"/>
</kw>
<kw name="Fill Signup Form" library="SignupActions">
<arg>${user}</arg>
<kw name="Fill Text" library="Browser">
<arg>id=name</arg>
<arg>${user}[name]</arg>
<tag>PageContent</tag>
<tag>Setter</tag>
<doc>Clears and fills the given ``txt`` into the text field found by ``selector``.</doc>
<msg timestamp="20211110 22:28:45.930" level="INFO">Fills the text 'User' in the given field.</msg>
<status status="PASS" starttime="20211110 22:28:45.930" endtime="20211110 22:28:45.975"/>
</kw>
<kw name="Fill Text" library="Browser">
<arg>id=lastname</arg>
<arg>${user}[lastname]</arg>
<tag>PageContent</tag>
<tag>Setter</tag>
<doc>Clears and fills the given ``txt`` into the text field found by ``selector``.</doc>
<msg timestamp="20211110 22:28:45.975" level="INFO">Fills the text 'Limit Pass' in the given field.</msg>
<status status="PASS" starttime="20211110 22:28:45.975" endtime="20211110 22:28:46.014"/>
</kw>
<kw name="Fill Text" library="Browser">
<arg>id=email</arg>
<arg>${user}[email]</arg>
<tag>PageContent</tag>
<tag>Setter</tag>
<doc>Clears and fills the given ``txt`` into the text field found by ``selector``.</doc>
<msg timestamp="20211110 22:28:46.022" level="INFO">Fills the text 'ushortpass@teste.io' in the given field.</msg>
<status status="PASS" starttime="20211110 22:28:46.022" endtime="20211110 22:28:46.064"/>
</kw>
<kw name="Fill Text" library="Browser">
<arg>id=password</arg>
<arg>${user}[password]</arg>
<tag>PageContent</tag>
<tag>Setter</tag>
<doc>Clears and fills the given ``txt`` into the text field found by ``selector``.</doc>
<msg timestamp="20211110 22:28:46.064" level="INFO">Fills the text 'abcdefghijklmnopqrstuvwyxzabcdefjhijk' in the given field.</msg>
<status status="PASS" starttime="20211110 22:28:46.064" endtime="20211110 22:28:46.096"/>
</kw>
<status status="PASS" starttime="20211110 22:28:45.930" endtime="20211110 22:28:46.096"/>
</kw>
<kw name="Submit Signup Form" library="SignupActions">
<kw name="Click" library="Browser">
<arg>css=.submit-button &gt;&gt; text=Cadastrar</arg>
<tag>PageContent</tag>
<tag>Setter</tag>
<doc>Simulates mouse click on the element found by ``selector``.</doc>
<status status="PASS" starttime="20211110 22:28:46.096" endtime="20211110 22:28:46.207"/>
</kw>
<status status="PASS" starttime="20211110 22:28:46.096" endtime="20211110 22:28:46.207"/>
</kw>
<kw name="Alert Span Should Be MSG" library="_SharedActions">
<arg>Informe uma senha com no máximo 36 caracteres</arg>
<kw name="Wait For Elements State" library="Browser">
<arg>css=span[class=error] &gt;&gt; text=${expected_alert}</arg>
<arg>visible</arg>
<arg>5</arg>
<tag>PageContent</tag>
<tag>Wait</tag>
<doc>Waits for the element found by ``selector`` to satisfy state option.</doc>
<msg timestamp="20211110 22:28:51.557" level="INFO" html="true">&lt;/td&gt;&lt;/tr&gt;&lt;tr&gt;&lt;td colspan="3"&gt;&lt;a href="browser/screenshot/fail-screenshot-4.png"&gt;&lt;img src="browser/screenshot/fail-screenshot-4.png" width="800px"&gt;&lt;/a&gt;</msg>
<msg timestamp="20211110 22:28:51.557" level="FAIL">TimeoutError: page.waitForSelector: Timeout 5000ms exceeded.
=========================== logs ===========================
waiting for selector "css=span[class=error] &gt;&gt; text=Informe uma senha com no máximo 36 caracteres" to be visible
============================================================</msg>
<status status="FAIL" starttime="20211110 22:28:46.207" endtime="20211110 22:28:51.557"/>
</kw>
<status status="FAIL" starttime="20211110 22:28:46.207" endtime="20211110 22:28:51.557"/>
</kw>
<status status="FAIL" starttime="20211110 22:28:45.189" endtime="20211110 22:28:51.557"/>
</kw>
<kw name="Signup With Limit Pass">
<arg>0123456789abcdefghijlmnopqrtsuvxzABCDE</arg>
<tag>exection_signup</tag>
<tag>limit_pass</tag>
<kw name="Create Dictionary" library="BuiltIn">
<var>${user}</var>
<arg>name=User</arg>
<arg>lastname=Limit Pass</arg>
<arg>email=ushortpass@teste.io</arg>
<arg>password=${limit_pass}</arg>
<doc>Creates and returns a dictionary based on the given ``items``.</doc>
<msg timestamp="20211110 22:28:51.557" level="INFO">${user} = {'name': 'User', 'lastname': 'Limit Pass', 'email': 'ushortpass@teste.io', 'password': '0123456789abcdefghijlmnopqrtsuvxzABCDE'}</msg>
<status status="PASS" starttime="20211110 22:28:51.557" endtime="20211110 22:28:51.557"/>
</kw>
<kw name="Go To Signup Form" library="SignupActions">
<kw name="Go To" library="Browser">
<arg>${BASE_URL}/signup</arg>
<tag>BrowserControl</tag>
<tag>Setter</tag>
<doc>Navigates to the given ``url``.</doc>
<msg timestamp="20211110 22:28:52.416" level="INFO">Successfully opened URL https://getgeeks-bbetty.herokuapp.com/signup</msg>
<status status="PASS" starttime="20211110 22:28:51.557" endtime="20211110 22:28:52.416"/>
</kw>
<kw name="Wait For Elements State" library="Browser">
<arg>css=.signup-form</arg>
<arg>visible</arg>
<arg>5</arg>
<tag>PageContent</tag>
<tag>Wait</tag>
<doc>Waits for the element found by ``selector`` to satisfy state option.</doc>
<msg timestamp="20211110 22:28:52.448" level="INFO">Wait for Element with selector: css=.signup-form</msg>
<status status="PASS" starttime="20211110 22:28:52.416" endtime="20211110 22:28:52.448"/>
</kw>
<status status="PASS" starttime="20211110 22:28:51.557" endtime="20211110 22:28:52.448"/>
</kw>
<kw name="Fill Signup Form" library="SignupActions">
<arg>${user}</arg>
<kw name="Fill Text" library="Browser">
<arg>id=name</arg>
<arg>${user}[name]</arg>
<tag>PageContent</tag>
<tag>Setter</tag>
<doc>Clears and fills the given ``txt`` into the text field found by ``selector``.</doc>
<msg timestamp="20211110 22:28:52.448" level="INFO">Fills the text 'User' in the given field.</msg>
<status status="PASS" starttime="20211110 22:28:52.448" endtime="20211110 22:28:52.488"/>
</kw>
<kw name="Fill Text" library="Browser">
<arg>id=lastname</arg>
<arg>${user}[lastname]</arg>
<tag>PageContent</tag>
<tag>Setter</tag>
<doc>Clears and fills the given ``txt`` into the text field found by ``selector``.</doc>
<msg timestamp="20211110 22:28:52.488" level="INFO">Fills the text 'Limit Pass' in the given field.</msg>
<status status="PASS" starttime="20211110 22:28:52.488" endtime="20211110 22:28:52.531"/>
</kw>
<kw name="Fill Text" library="Browser">
<arg>id=email</arg>
<arg>${user}[email]</arg>
<tag>PageContent</tag>
<tag>Setter</tag>
<doc>Clears and fills the given ``txt`` into the text field found by ``selector``.</doc>
<msg timestamp="20211110 22:28:52.531" level="INFO">Fills the text 'ushortpass@teste.io' in the given field.</msg>
<status status="PASS" starttime="20211110 22:28:52.531" endtime="20211110 22:28:52.563"/>
</kw>
<kw name="Fill Text" library="Browser">
<arg>id=password</arg>
<arg>${user}[password]</arg>
<tag>PageContent</tag>
<tag>Setter</tag>
<doc>Clears and fills the given ``txt`` into the text field found by ``selector``.</doc>
<msg timestamp="20211110 22:28:52.563" level="INFO">Fills the text '0123456789abcdefghijlmnopqrtsuvxzABCDE' in the given field.</msg>
<status status="PASS" starttime="20211110 22:28:52.563" endtime="20211110 22:28:52.605"/>
</kw>
<status status="PASS" starttime="20211110 22:28:52.448" endtime="20211110 22:28:52.605"/>
</kw>
<kw name="Submit Signup Form" library="SignupActions">
<kw name="Click" library="Browser">
<arg>css=.submit-button &gt;&gt; text=Cadastrar</arg>
<tag>PageContent</tag>
<tag>Setter</tag>
<doc>Simulates mouse click on the element found by ``selector``.</doc>
<status status="PASS" starttime="20211110 22:28:52.605" endtime="20211110 22:28:52.693"/>
</kw>
<status status="PASS" starttime="20211110 22:28:52.605" endtime="20211110 22:28:52.693"/>
</kw>
<kw name="Alert Span Should Be MSG" library="_SharedActions">
<arg>Informe uma senha com no máximo 36 caracteres</arg>
<kw name="Wait For Elements State" library="Browser">
<arg>css=span[class=error] &gt;&gt; text=${expected_alert}</arg>
<arg>visible</arg>
<arg>5</arg>
<tag>PageContent</tag>
<tag>Wait</tag>
<doc>Waits for the element found by ``selector`` to satisfy state option.</doc>
<msg timestamp="20211110 22:28:58.051" level="INFO" html="true">&lt;/td&gt;&lt;/tr&gt;&lt;tr&gt;&lt;td colspan="3"&gt;&lt;a href="browser/screenshot/fail-screenshot-5.png"&gt;&lt;img src="browser/screenshot/fail-screenshot-5.png" width="800px"&gt;&lt;/a&gt;</msg>
<msg timestamp="20211110 22:28:58.051" level="FAIL">TimeoutError: page.waitForSelector: Timeout 5000ms exceeded.
=========================== logs ===========================
waiting for selector "css=span[class=error] &gt;&gt; text=Informe uma senha com no máximo 36 caracteres" to be visible
============================================================</msg>
<status status="FAIL" starttime="20211110 22:28:52.693" endtime="20211110 22:28:58.051"/>
</kw>
<status status="FAIL" starttime="20211110 22:28:52.693" endtime="20211110 22:28:58.051"/>
</kw>
<status status="FAIL" starttime="20211110 22:28:51.557" endtime="20211110 22:28:58.051"/>
</kw>
<kw name="Finish Session" library="Base" type="TEARDOWN">
<kw name="Take Screenshot" library="Browser">
<tag>PageContent</tag>
<doc>Takes a screenshot of the current window or element and saves it to disk.</doc>
<msg timestamp="20211110 22:28:58.386" level="INFO" html="true">&lt;/td&gt;&lt;/tr&gt;&lt;tr&gt;&lt;td colspan="3"&gt;&lt;a href="browser/screenshot/robotframework-browser-screenshot-15.png"&gt;&lt;img src="browser/screenshot/robotframework-browser-screenshot-15.png" width="800px"&gt;&lt;/a&gt;</msg>
<status status="PASS" starttime="20211110 22:28:58.051" endtime="20211110 22:28:58.386"/>
</kw>
<status status="PASS" starttime="20211110 22:28:58.051" endtime="20211110 22:28:58.386"/>
</kw>
<tag>exection_signup</tag>
<tag>limit_pass</tag>
<status status="FAIL" starttime="20211110 22:28:28.867" endtime="20211110 22:28:58.394">Several failures occurred:

1) TimeoutError: page.waitForSelector: Timeout 5000ms exceeded.
=========================== logs ===========================
waiting for selector "css=span[class=error] &gt;&gt; text=Informe uma senha com no máximo 36 caracteres" to be visible
============================================================

2) TimeoutError: page.waitForSelector: Timeout 5000ms exceeded.
=========================== logs ===========================
waiting for selector "css=span[class=error] &gt;&gt; text=Informe uma senha com no máximo 36 caracteres" to be visible
============================================================

3) TimeoutError: page.waitForSelector: Timeout 5000ms exceeded.
=========================== logs ===========================
waiting for selector "css=span[class=error] &gt;&gt; text=Informe uma senha com no máximo 36 caracteres" to be visible
============================================================</status>
</test>
<doc>ST Novos Usuários</doc>
<status status="FAIL" starttime="20211110 22:26:37.181" endtime="20211110 22:28:58.443"/>
</suite>
<status status="FAIL" starttime="20211110 22:25:10.969" endtime="20211110 22:28:58.453"/>
</suite>
<statistics>
<total>
<stat pass="11" fail="4" skip="0">All Tests</stat>
</total>
<tag>
<stat pass="3" fail="0" skip="0">attempt_login</stat>
<stat pass="0" fail="1" skip="0">be_geek</stat>
<stat pass="1" fail="0" skip="0">dup_email</stat>
<stat pass="6" fail="1" skip="0">exection_signup</stat>
<stat pass="1" fail="0" skip="0">igallf</stat>
<stat pass="1" fail="0" skip="0">ignallogin</stat>
<stat pass="1" fail="0" skip="0">ignlogin</stat>
<stat pass="1" fail="0" skip="0">ignpass</stat>
<stat pass="1" fail="1" skip="0">inval_login</stat>
<stat pass="0" fail="1" skip="0">invaluser</stat>
<stat pass="0" fail="1" skip="0">limit_pass</stat>
<stat pass="1" fail="0" skip="0">new_user</stat>
<stat pass="1" fail="0" skip="0">short_last</stat>
<stat pass="1" fail="0" skip="0">short_name</stat>
<stat pass="1" fail="0" skip="0">short_pass</stat>
<stat pass="1" fail="2" skip="0">smoke</stat>
<stat pass="0" fail="1" skip="0">user_login</stat>
<stat pass="1" fail="0" skip="0">wrongemail</stat>
</tag>
<suite>
<stat pass="11" fail="4" skip="0" id="s1" name="Tests">Tests</stat>
<stat pass="4" fail="2" skip="0" id="s1-s1" name="Authentication">Tests.Authentication</stat>
<stat pass="0" fail="1" skip="0" id="s1-s2" name="BeGeek">Tests.BeGeek</stat>
<stat pass="7" fail="1" skip="0" id="s1-s3" name="Signup">Tests.Signup</stat>
</suite>
</statistics>
<errors>
</errors>
</robot>
