<?xml version="1.0" encoding="UTF-8"?>
<robot generator="Robot 4.1.1 (Python 3.9.7 on win32)" generated="20211108 23:39:57.704" rpa="false" schemaversion="2">
<suite id="s1" name="Authentication" source="C:\GravidadeZERO\getgeeks\project\tests\Authentication.robot">
<test id="s1-t1" name="Ignore All Fields Login">
<kw name="Start Session" library="Base" type="SETUP">
<kw name="New Browser" library="Browser">
<arg>chromium</arg>
<arg>headless=True</arg>
<arg>slowMo=00:00:00</arg>
<tag>BrowserControl</tag>
<tag>Setter</tag>
<doc>Create a new playwright Browser with specified options.</doc>
<msg timestamp="20211108 23:40:00.168" level="INFO">{"browser": "chromium", "headless": true, "handleSIGINT": true, "handleSIGTERM": true, "handleSIGHUP": true, "timeout": 30000.0, "devtools": false, "slowMo": 0.0, "tracesDir": "C:\\GravidadeZERO\\getgeeks\\project\\logs\\browser\\traces\\4ac0b3b7-b160-48b5-95aa-2b57958e78e3"}</msg>
<msg timestamp="20211108 23:40:01.782" level="INFO">Successfully created browser with options: {"browser":"chromium","headless":true,"handleSIGINT":true,"handleSIGTERM":true,"handleSIGHUP":true,"timeout":30000,"devtools":false,"slowMo":0,"tracesDir":"C:\\GravidadeZERO\\getgeeks\\project\\logs\\browser\\traces\\4ac0b3b7-b160-48b5-95aa-2b57958e78e3"}</msg>
<status status="PASS" starttime="20211108 23:40:00.168" endtime="20211108 23:40:01.783"/>
</kw>
<kw name="New Page" library="Browser">
<arg>${BASE_URL}</arg>
<tag>BrowserControl</tag>
<tag>Setter</tag>
<doc>Open a new Page. A Page is the Playwright equivalent to a tab.
See `Browser, Context and Page` for more information about Page concept.
Returns a stable identifier for the created page.</doc>
<msg timestamp="20211108 23:40:11.545" level="INFO">Successfully initialized new page object and opened url: https://getgeeks-bbetty.herokuapp.com</msg>
<msg timestamp="20211108 23:40:11.546" level="INFO">No context was open. New context was automatically opened when this page is created.</msg>
<status status="PASS" starttime="20211108 23:40:01.783" endtime="20211108 23:40:11.546"/>
</kw>
<kw name="Get Title" library="Browser">
<arg>==</arg>
<arg>Getgeeks - Encontre um Geek</arg>
<tag>Assertion</tag>
<tag>Getter</tag>
<tag>PageContent</tag>
<doc>Returns the title of the current page.</doc>
<status status="PASS" starttime="20211108 23:40:11.546" endtime="20211108 23:40:11.557"/>
</kw>
<status status="PASS" starttime="20211108 23:40:00.167" endtime="20211108 23:40:11.558"/>
</kw>
<kw name="Create List" library="BuiltIn">
<var>@{expected_alerts}</var>
<arg>E-mail obrigatório</arg>
<arg>Senha obrigatória</arg>
<doc>Returns a list containing given items.</doc>
<msg timestamp="20211108 23:40:11.559" level="INFO">@{expected_alerts} = [ E-mail obrigatório | Senha obrigatória ]</msg>
<status status="PASS" starttime="20211108 23:40:11.559" endtime="20211108 23:40:11.559"/>
</kw>
<kw name="Go To Login Form" library="AutheticationActions">
<kw name="Set Variable" library="BuiltIn">
<var>${expected_text}</var>
<arg>Fazer login</arg>
<doc>Returns the given values which can then be assigned to a variables.</doc>
<msg timestamp="20211108 23:40:11.560" level="INFO">${expected_text} = Fazer login</msg>
<status status="PASS" starttime="20211108 23:40:11.560" endtime="20211108 23:40:11.560"/>
</kw>
<kw name="Set Variable" library="BuiltIn">
<var>${receive_text}</var>
<arg>xpath=//form[@class="login-form"]/h1</arg>
<doc>Returns the given values which can then be assigned to a variables.</doc>
<msg timestamp="20211108 23:40:11.561" level="INFO">${receive_text} = xpath=//form[@class="login-form"]/h1</msg>
<status status="PASS" starttime="20211108 23:40:11.561" endtime="20211108 23:40:11.561"/>
</kw>
<kw name="Go To" library="Browser">
<arg>${BASE_URL}</arg>
<tag>BrowserControl</tag>
<tag>Setter</tag>
<doc>Navigates to the given ``url``.</doc>
<msg timestamp="20211108 23:40:12.038" level="INFO">Successfully opened URL https://getgeeks-bbetty.herokuapp.com</msg>
<status status="PASS" starttime="20211108 23:40:11.561" endtime="20211108 23:40:12.038"/>
</kw>
<kw name="Wait For Elements State" library="Browser">
<arg>${receive_text}</arg>
<arg>visible</arg>
<arg>5</arg>
<tag>PageContent</tag>
<tag>Wait</tag>
<doc>Waits for the element found by ``selector`` to satisfy state option.</doc>
<msg timestamp="20211108 23:40:12.088" level="INFO">Wait for Element with selector: xpath=//form[@class="login-form"]/h1</msg>
<status status="PASS" starttime="20211108 23:40:12.038" endtime="20211108 23:40:12.088"/>
</kw>
<kw name="Get Text" library="Browser">
<arg>${receive_text}</arg>
<arg>equal</arg>
<arg>${expected_text}</arg>
<tag>Assertion</tag>
<tag>Getter</tag>
<tag>PageContent</tag>
<doc>Returns text attribute of the element found by ``selector``.</doc>
<status status="PASS" starttime="20211108 23:40:12.088" endtime="20211108 23:40:12.122"/>
</kw>
<status status="PASS" starttime="20211108 23:40:11.560" endtime="20211108 23:40:12.122"/>
</kw>
<kw name="Submit Login Form" library="AutheticationActions">
<kw name="Click" library="Browser">
<arg>css=.submit-button &gt;&gt; text=Entrar</arg>
<tag>PageContent</tag>
<tag>Setter</tag>
<doc>Simulates mouse click on the element found by ``selector``.</doc>
<status status="PASS" starttime="20211108 23:40:12.123" endtime="20211108 23:40:12.207"/>
</kw>
<status status="PASS" starttime="20211108 23:40:12.123" endtime="20211108 23:40:12.207"/>
</kw>
<kw name="Alert Spans MSG Should Be" library="_SharedActions">
<arg>${expected_alerts}</arg>
<kw name="Create List" library="BuiltIn">
<var>@{got_alerts}</var>
<doc>Returns a list containing given items.</doc>
<msg timestamp="20211108 23:40:12.209" level="INFO">@{got_alerts} = [ ]</msg>
<status status="PASS" starttime="20211108 23:40:12.208" endtime="20211108 23:40:12.209"/>
</kw>
<kw name="Get Elements" library="Browser">
<var>${spans}</var>
<arg>xpath=//span[@class="error"]</arg>
<tag>Getter</tag>
<tag>PageContent</tag>
<doc>Returns a reference to playwright element handle for all matched elements by ``selector``.</doc>
<msg timestamp="20211108 23:40:12.243" level="INFO">${spans} = ['element=f6ac5027-d291-4136-a9ee-d41e069c7400', 'element=c319ae61-0ae1-4b39-b9f1-91d97abaff33']</msg>
<status status="PASS" starttime="20211108 23:40:12.209" endtime="20211108 23:40:12.243"/>
</kw>
<for flavor="IN">
<var>${span}</var>
<value>@{spans}</value>
<iter>
<var name="${span}">element=f6ac5027-d291-4136-a9ee-d41e069c7400</var>
<kw name="Get Text" library="Browser">
<var>${text}</var>
<arg>${span}</arg>
<tag>Assertion</tag>
<tag>Getter</tag>
<tag>PageContent</tag>
<doc>Returns text attribute of the element found by ``selector``.</doc>
<msg timestamp="20211108 23:40:12.260" level="INFO">${text} = E-mail obrigatório</msg>
<status status="PASS" starttime="20211108 23:40:12.243" endtime="20211108 23:40:12.260"/>
</kw>
<kw name="Append To List" library="Collections">
<arg>${got_alerts}</arg>
<arg>${text}</arg>
<doc>Adds ``values`` to the end of ``list``.</doc>
<status status="PASS" starttime="20211108 23:40:12.260" endtime="20211108 23:40:12.260"/>
</kw>
<status status="PASS" starttime="20211108 23:40:12.243" endtime="20211108 23:40:12.260"/>
</iter>
<iter>
<var name="${span}">element=c319ae61-0ae1-4b39-b9f1-91d97abaff33</var>
<kw name="Get Text" library="Browser">
<var>${text}</var>
<arg>${span}</arg>
<tag>Assertion</tag>
<tag>Getter</tag>
<tag>PageContent</tag>
<doc>Returns text attribute of the element found by ``selector``.</doc>
<msg timestamp="20211108 23:40:12.276" level="INFO">${text} = Senha obrigatória</msg>
<status status="PASS" starttime="20211108 23:40:12.261" endtime="20211108 23:40:12.276"/>
</kw>
<kw name="Append To List" library="Collections">
<arg>${got_alerts}</arg>
<arg>${text}</arg>
<doc>Adds ``values`` to the end of ``list``.</doc>
<status status="PASS" starttime="20211108 23:40:12.276" endtime="20211108 23:40:12.276"/>
</kw>
<status status="PASS" starttime="20211108 23:40:12.260" endtime="20211108 23:40:12.276"/>
</iter>
<status status="PASS" starttime="20211108 23:40:12.243" endtime="20211108 23:40:12.276"/>
</for>
<kw name="Lists Should Be Equal" library="Collections">
<arg>${expected_alerts}</arg>
<arg>${got_alerts}</arg>
<doc>Fails if given lists are unequal.</doc>
<status status="PASS" starttime="20211108 23:40:12.277" endtime="20211108 23:40:12.277"/>
</kw>
<status status="PASS" starttime="20211108 23:40:12.208" endtime="20211108 23:40:12.277"/>
</kw>
<kw name="Finish Session" library="Base" type="TEARDOWN">
<kw name="Take Screenshot" library="Browser">
<tag>PageContent</tag>
<doc>Takes a screenshot of the current window or element and saves it to disk.</doc>
<msg timestamp="20211108 23:40:12.538" level="INFO" html="true">&lt;/td&gt;&lt;/tr&gt;&lt;tr&gt;&lt;td colspan="3"&gt;&lt;a href="browser/screenshot/robotframework-browser-screenshot-1.png"&gt;&lt;img src="browser/screenshot/robotframework-browser-screenshot-1.png" width="800px"&gt;&lt;/a&gt;</msg>
<status status="PASS" starttime="20211108 23:40:12.281" endtime="20211108 23:40:12.538"/>
</kw>
<status status="PASS" starttime="20211108 23:40:12.279" endtime="20211108 23:40:12.538"/>
</kw>
<tag>attempt_login</tag>
<tag>ignallogin</tag>
<status status="PASS" starttime="20211108 23:40:00.165" endtime="20211108 23:40:12.540"/>
</test>
<test id="s1-t2" name="Ignore Field Login User">
<kw name="Start Session" library="Base" type="SETUP">
<kw name="New Browser" library="Browser">
<arg>chromium</arg>
<arg>headless=True</arg>
<arg>slowMo=00:00:00</arg>
<tag>BrowserControl</tag>
<tag>Setter</tag>
<doc>Create a new playwright Browser with specified options.</doc>
<msg timestamp="20211108 23:40:12.586" level="INFO">{"browser": "chromium", "headless": true, "handleSIGINT": true, "handleSIGTERM": true, "handleSIGHUP": true, "timeout": 30000.0, "devtools": false, "slowMo": 0.0, "tracesDir": "C:\\GravidadeZERO\\getgeeks\\project\\logs\\browser\\traces\\155af9e8-0a95-4d76-9fc7-92fc542cf02a"}</msg>
<msg timestamp="20211108 23:40:15.571" level="INFO">Successfully created browser with options: {"browser":"chromium","headless":true,"handleSIGINT":true,"handleSIGTERM":true,"handleSIGHUP":true,"timeout":30000,"devtools":false,"slowMo":0,"tracesDir":"C:\\GravidadeZERO\\getgeeks\\project\\logs\\browser\\traces\\155af9e8-0a95-4d76-9fc7-92fc542cf02a"}</msg>
<status status="PASS" starttime="20211108 23:40:12.585" endtime="20211108 23:40:15.572"/>
</kw>
<kw name="New Page" library="Browser">
<arg>${BASE_URL}</arg>
<tag>BrowserControl</tag>
<tag>Setter</tag>
<doc>Open a new Page. A Page is the Playwright equivalent to a tab.
See `Browser, Context and Page` for more information about Page concept.
Returns a stable identifier for the created page.</doc>
<msg timestamp="20211108 23:40:18.623" level="INFO">Successfully initialized new page object and opened url: https://getgeeks-bbetty.herokuapp.com</msg>
<msg timestamp="20211108 23:40:18.623" level="INFO">No context was open. New context was automatically opened when this page is created.</msg>
<status status="PASS" starttime="20211108 23:40:15.572" endtime="20211108 23:40:18.623"/>
</kw>
<kw name="Get Title" library="Browser">
<arg>==</arg>
<arg>Getgeeks - Encontre um Geek</arg>
<tag>Assertion</tag>
<tag>Getter</tag>
<tag>PageContent</tag>
<doc>Returns the title of the current page.</doc>
<status status="PASS" starttime="20211108 23:40:18.623" endtime="20211108 23:40:18.634"/>
</kw>
<status status="PASS" starttime="20211108 23:40:12.584" endtime="20211108 23:40:18.634"/>
</kw>
<kw name="Create Dictionary" library="BuiltIn">
<var>${u}</var>
<arg>email=${EMPTY}</arg>
<arg>password=test321</arg>
<doc>Creates and returns a dictionary based on the given ``items``.</doc>
<msg timestamp="20211108 23:40:18.637" level="INFO">${u} = {'email': '', 'password': 'test321'}</msg>
<status status="PASS" starttime="20211108 23:40:18.636" endtime="20211108 23:40:18.637"/>
</kw>
<kw name="Create List" library="BuiltIn">
<var>@{expected_alerts}</var>
<arg>E-mail obrigatório</arg>
<arg>Senha obrigatória</arg>
<doc>Returns a list containing given items.</doc>
<msg timestamp="20211108 23:40:18.638" level="INFO">@{expected_alerts} = [ E-mail obrigatório | Senha obrigatória ]</msg>
<status status="PASS" starttime="20211108 23:40:18.638" endtime="20211108 23:40:18.638"/>
</kw>
<kw name="Go To Login Form" library="AutheticationActions">
<kw name="Set Variable" library="BuiltIn">
<var>${expected_text}</var>
<arg>Fazer login</arg>
<doc>Returns the given values which can then be assigned to a variables.</doc>
<msg timestamp="20211108 23:40:18.639" level="INFO">${expected_text} = Fazer login</msg>
<status status="PASS" starttime="20211108 23:40:18.639" endtime="20211108 23:40:18.639"/>
</kw>
<kw name="Set Variable" library="BuiltIn">
<var>${receive_text}</var>
<arg>xpath=//form[@class="login-form"]/h1</arg>
<doc>Returns the given values which can then be assigned to a variables.</doc>
<msg timestamp="20211108 23:40:18.639" level="INFO">${receive_text} = xpath=//form[@class="login-form"]/h1</msg>
<status status="PASS" starttime="20211108 23:40:18.639" endtime="20211108 23:40:18.639"/>
</kw>
<kw name="Go To" library="Browser">
<arg>${BASE_URL}</arg>
<tag>BrowserControl</tag>
<tag>Setter</tag>
<doc>Navigates to the given ``url``.</doc>
<msg timestamp="20211108 23:40:19.285" level="INFO">Successfully opened URL https://getgeeks-bbetty.herokuapp.com</msg>
<status status="PASS" starttime="20211108 23:40:18.639" endtime="20211108 23:40:19.286"/>
</kw>
<kw name="Wait For Elements State" library="Browser">
<arg>${receive_text}</arg>
<arg>visible</arg>
<arg>5</arg>
<tag>PageContent</tag>
<tag>Wait</tag>
<doc>Waits for the element found by ``selector`` to satisfy state option.</doc>
<msg timestamp="20211108 23:40:19.331" level="INFO">Wait for Element with selector: xpath=//form[@class="login-form"]/h1</msg>
<status status="PASS" starttime="20211108 23:40:19.286" endtime="20211108 23:40:19.332"/>
</kw>
<kw name="Get Text" library="Browser">
<arg>${receive_text}</arg>
<arg>equal</arg>
<arg>${expected_text}</arg>
<tag>Assertion</tag>
<tag>Getter</tag>
<tag>PageContent</tag>
<doc>Returns text attribute of the element found by ``selector``.</doc>
<status status="PASS" starttime="20211108 23:40:19.333" endtime="20211108 23:40:19.363"/>
</kw>
<status status="PASS" starttime="20211108 23:40:18.638" endtime="20211108 23:40:19.364"/>
</kw>
<kw name="Fill Login Form Email" library="AutheticationActions">
<arg>${u}</arg>
<kw name="Fill Text" library="Browser">
<arg>${INPUT_EMAIL}</arg>
<arg>${user}[email]</arg>
<tag>PageContent</tag>
<tag>Setter</tag>
<doc>Clears and fills the given ``txt`` into the text field found by ``selector``.</doc>
<msg timestamp="20211108 23:40:19.366" level="INFO">Fills the text '' in the given field.</msg>
<status status="PASS" starttime="20211108 23:40:19.366" endtime="20211108 23:40:19.405"/>
</kw>
<status status="PASS" starttime="20211108 23:40:19.365" endtime="20211108 23:40:19.405"/>
</kw>
<kw name="Submit Login Form" library="AutheticationActions">
<kw name="Click" library="Browser">
<arg>css=.submit-button &gt;&gt; text=Entrar</arg>
<tag>PageContent</tag>
<tag>Setter</tag>
<doc>Simulates mouse click on the element found by ``selector``.</doc>
<status status="PASS" starttime="20211108 23:40:19.407" endtime="20211108 23:40:19.504"/>
</kw>
<status status="PASS" starttime="20211108 23:40:19.406" endtime="20211108 23:40:19.504"/>
</kw>
<kw name="Alert Span Should Be MSG" library="_SharedActions">
<arg>${expected_alerts}[1]</arg>
<kw name="Wait For Elements State" library="Browser">
<arg>css=span[class=error] &gt;&gt; text=${expected_alert}</arg>
<arg>visible</arg>
<arg>5</arg>
<tag>PageContent</tag>
<tag>Wait</tag>
<doc>Waits for the element found by ``selector`` to satisfy state option.</doc>
<msg timestamp="20211108 23:40:19.536" level="INFO">Wait for Element with selector: css=span[class=error] &gt;&gt; text=Senha obrigatória</msg>
<status status="PASS" starttime="20211108 23:40:19.506" endtime="20211108 23:40:19.536"/>
</kw>
<status status="PASS" starttime="20211108 23:40:19.506" endtime="20211108 23:40:19.536"/>
</kw>
<kw name="Finish Session" library="Base" type="TEARDOWN">
<kw name="Take Screenshot" library="Browser">
<tag>PageContent</tag>
<doc>Takes a screenshot of the current window or element and saves it to disk.</doc>
<msg timestamp="20211108 23:40:19.759" level="INFO" html="true">&lt;/td&gt;&lt;/tr&gt;&lt;tr&gt;&lt;td colspan="3"&gt;&lt;a href="browser/screenshot/robotframework-browser-screenshot-2.png"&gt;&lt;img src="browser/screenshot/robotframework-browser-screenshot-2.png" width="800px"&gt;&lt;/a&gt;</msg>
<status status="PASS" starttime="20211108 23:40:19.537" endtime="20211108 23:40:19.759"/>
</kw>
<status status="PASS" starttime="20211108 23:40:19.537" endtime="20211108 23:40:19.759"/>
</kw>
<tag>attempt_login</tag>
<tag>ignlogin</tag>
<status status="PASS" starttime="20211108 23:40:12.579" endtime="20211108 23:40:19.761"/>
</test>
<test id="s1-t3" name="Ignore Field Password User">
<kw name="Start Session" library="Base" type="SETUP">
<kw name="New Browser" library="Browser">
<arg>chromium</arg>
<arg>headless=True</arg>
<arg>slowMo=00:00:00</arg>
<tag>BrowserControl</tag>
<tag>Setter</tag>
<doc>Create a new playwright Browser with specified options.</doc>
<msg timestamp="20211108 23:40:19.807" level="INFO">{"browser": "chromium", "headless": true, "handleSIGINT": true, "handleSIGTERM": true, "handleSIGHUP": true, "timeout": 30000.0, "devtools": false, "slowMo": 0.0, "tracesDir": "C:\\GravidadeZERO\\getgeeks\\project\\logs\\browser\\traces\\7873a04b-3dd0-495c-a43e-df06eda0ad04"}</msg>
<msg timestamp="20211108 23:40:21.613" level="INFO">Successfully created browser with options: {"browser":"chromium","headless":true,"handleSIGINT":true,"handleSIGTERM":true,"handleSIGHUP":true,"timeout":30000,"devtools":false,"slowMo":0,"tracesDir":"C:\\GravidadeZERO\\getgeeks\\project\\logs\\browser\\traces\\7873a04b-3dd0-495c-a43e-df06eda0ad04"}</msg>
<status status="PASS" starttime="20211108 23:40:19.806" endtime="20211108 23:40:21.613"/>
</kw>
<kw name="New Page" library="Browser">
<arg>${BASE_URL}</arg>
<tag>BrowserControl</tag>
<tag>Setter</tag>
<doc>Open a new Page. A Page is the Playwright equivalent to a tab.
See `Browser, Context and Page` for more information about Page concept.
Returns a stable identifier for the created page.</doc>
<msg timestamp="20211108 23:40:25.162" level="INFO">Successfully initialized new page object and opened url: https://getgeeks-bbetty.herokuapp.com</msg>
<msg timestamp="20211108 23:40:25.162" level="INFO">No context was open. New context was automatically opened when this page is created.</msg>
<status status="PASS" starttime="20211108 23:40:21.614" endtime="20211108 23:40:25.162"/>
</kw>
<kw name="Get Title" library="Browser">
<arg>==</arg>
<arg>Getgeeks - Encontre um Geek</arg>
<tag>Assertion</tag>
<tag>Getter</tag>
<tag>PageContent</tag>
<doc>Returns the title of the current page.</doc>
<status status="PASS" starttime="20211108 23:40:25.162" endtime="20211108 23:40:25.168"/>
</kw>
<status status="PASS" starttime="20211108 23:40:19.806" endtime="20211108 23:40:25.168"/>
</kw>
<kw name="Create Dictionary" library="BuiltIn">
<var>${u}</var>
<arg>email=test@test.io</arg>
<arg>password=${EMPTY}</arg>
<doc>Creates and returns a dictionary based on the given ``items``.</doc>
<msg timestamp="20211108 23:40:25.171" level="INFO">${u} = {'email': 'test@test.io', 'password': ''}</msg>
<status status="PASS" starttime="20211108 23:40:25.169" endtime="20211108 23:40:25.171"/>
</kw>
<kw name="Create List" library="BuiltIn">
<var>@{expected_alerts}</var>
<arg>E-mail obrigatório</arg>
<arg>Senha obrigatória</arg>
<doc>Returns a list containing given items.</doc>
<msg timestamp="20211108 23:40:25.172" level="INFO">@{expected_alerts} = [ E-mail obrigatório | Senha obrigatória ]</msg>
<status status="PASS" starttime="20211108 23:40:25.171" endtime="20211108 23:40:25.172"/>
</kw>
<kw name="Go To Login Form" library="AutheticationActions">
<kw name="Set Variable" library="BuiltIn">
<var>${expected_text}</var>
<arg>Fazer login</arg>
<doc>Returns the given values which can then be assigned to a variables.</doc>
<msg timestamp="20211108 23:40:25.174" level="INFO">${expected_text} = Fazer login</msg>
<status status="PASS" starttime="20211108 23:40:25.174" endtime="20211108 23:40:25.174"/>
</kw>
<kw name="Set Variable" library="BuiltIn">
<var>${receive_text}</var>
<arg>xpath=//form[@class="login-form"]/h1</arg>
<doc>Returns the given values which can then be assigned to a variables.</doc>
<msg timestamp="20211108 23:40:25.175" level="INFO">${receive_text} = xpath=//form[@class="login-form"]/h1</msg>
<status status="PASS" starttime="20211108 23:40:25.174" endtime="20211108 23:40:25.175"/>
</kw>
<kw name="Go To" library="Browser">
<arg>${BASE_URL}</arg>
<tag>BrowserControl</tag>
<tag>Setter</tag>
<doc>Navigates to the given ``url``.</doc>
<msg timestamp="20211108 23:40:25.836" level="INFO">Successfully opened URL https://getgeeks-bbetty.herokuapp.com</msg>
<status status="PASS" starttime="20211108 23:40:25.175" endtime="20211108 23:40:25.836"/>
</kw>
<kw name="Wait For Elements State" library="Browser">
<arg>${receive_text}</arg>
<arg>visible</arg>
<arg>5</arg>
<tag>PageContent</tag>
<tag>Wait</tag>
<doc>Waits for the element found by ``selector`` to satisfy state option.</doc>
<msg timestamp="20211108 23:40:25.880" level="INFO">Wait for Element with selector: xpath=//form[@class="login-form"]/h1</msg>
<status status="PASS" starttime="20211108 23:40:25.836" endtime="20211108 23:40:25.881"/>
</kw>
<kw name="Get Text" library="Browser">
<arg>${receive_text}</arg>
<arg>equal</arg>
<arg>${expected_text}</arg>
<tag>Assertion</tag>
<tag>Getter</tag>
<tag>PageContent</tag>
<doc>Returns text attribute of the element found by ``selector``.</doc>
<status status="PASS" starttime="20211108 23:40:25.882" endtime="20211108 23:40:25.933"/>
</kw>
<status status="PASS" starttime="20211108 23:40:25.173" endtime="20211108 23:40:25.933"/>
</kw>
<kw name="Fill Login Form Password" library="AutheticationActions">
<arg>${u}</arg>
<kw name="Fill Text" library="Browser">
<arg>${INPUT_PASS}</arg>
<arg>${user}[password]</arg>
<tag>PageContent</tag>
<tag>Setter</tag>
<doc>Clears and fills the given ``txt`` into the text field found by ``selector``.</doc>
<msg timestamp="20211108 23:40:25.936" level="INFO">Fills the text '' in the given field.</msg>
<status status="PASS" starttime="20211108 23:40:25.935" endtime="20211108 23:40:25.982"/>
</kw>
<status status="PASS" starttime="20211108 23:40:25.935" endtime="20211108 23:40:25.982"/>
</kw>
<kw name="Submit Login Form" library="AutheticationActions">
<kw name="Click" library="Browser">
<arg>css=.submit-button &gt;&gt; text=Entrar</arg>
<tag>PageContent</tag>
<tag>Setter</tag>
<doc>Simulates mouse click on the element found by ``selector``.</doc>
<status status="PASS" starttime="20211108 23:40:25.984" endtime="20211108 23:40:26.073"/>
</kw>
<status status="PASS" starttime="20211108 23:40:25.984" endtime="20211108 23:40:26.073"/>
</kw>
<kw name="Alert Span Should Be MSG" library="_SharedActions">
<arg>${expected_alerts}[0]</arg>
<kw name="Wait For Elements State" library="Browser">
<arg>css=span[class=error] &gt;&gt; text=${expected_alert}</arg>
<arg>visible</arg>
<arg>5</arg>
<tag>PageContent</tag>
<tag>Wait</tag>
<doc>Waits for the element found by ``selector`` to satisfy state option.</doc>
<msg timestamp="20211108 23:40:26.106" level="INFO">Wait for Element with selector: css=span[class=error] &gt;&gt; text=E-mail obrigatório</msg>
<status status="PASS" starttime="20211108 23:40:26.075" endtime="20211108 23:40:26.106"/>
</kw>
<status status="PASS" starttime="20211108 23:40:26.075" endtime="20211108 23:40:26.106"/>
</kw>
<kw name="Finish Session" library="Base" type="TEARDOWN">
<kw name="Take Screenshot" library="Browser">
<tag>PageContent</tag>
<doc>Takes a screenshot of the current window or element and saves it to disk.</doc>
<msg timestamp="20211108 23:40:26.400" level="INFO" html="true">&lt;/td&gt;&lt;/tr&gt;&lt;tr&gt;&lt;td colspan="3"&gt;&lt;a href="browser/screenshot/robotframework-browser-screenshot-3.png"&gt;&lt;img src="browser/screenshot/robotframework-browser-screenshot-3.png" width="800px"&gt;&lt;/a&gt;</msg>
<status status="PASS" starttime="20211108 23:40:26.108" endtime="20211108 23:40:26.400"/>
</kw>
<status status="PASS" starttime="20211108 23:40:26.108" endtime="20211108 23:40:26.400"/>
</kw>
<tag>attempt_login</tag>
<tag>ignpass</tag>
<status status="PASS" starttime="20211108 23:40:19.802" endtime="20211108 23:40:26.402"/>
</test>
<doc>ST Autenticação de Usuários</doc>
<status status="PASS" starttime="20211108 23:39:57.714" endtime="20211108 23:40:26.439"/>
</suite>
<statistics>
<total>
<stat pass="3" fail="0" skip="0">All Tests</stat>
</total>
<tag>
<stat pass="3" fail="0" skip="0">attempt_login</stat>
<stat pass="1" fail="0" skip="0">ignallogin</stat>
<stat pass="1" fail="0" skip="0">ignlogin</stat>
<stat pass="1" fail="0" skip="0">ignpass</stat>
</tag>
<suite>
<stat pass="3" fail="0" skip="0" id="s1" name="Authentication">Authentication</stat>
</suite>
</statistics>
<errors>
</errors>
</robot>
